This file contains any messages produced by compilers while
running configure, to aid debugging if configure makes a mistake.

It was created by codeblocks configure 13.12-9491, which was
generated by GNU Autoconf 2.69.  Invocation command line was

  $ ../configure 

## --------- ##
## Platform. ##
## --------- ##

hostname = Gas-330
uname -m = x86_64
uname -r = 3.13.0-32-generic
uname -s = Linux
uname -v = #57-Ubuntu SMP Tue Jul 15 03:51:08 UTC 2014

/usr/bin/uname -p = unknown
/bin/uname -X     = unknown

/bin/arch              = unknown
/usr/bin/arch -k       = unknown
/usr/convex/getsysinfo = unknown
/usr/bin/hostinfo      = unknown
/bin/machine           = unknown
/usr/bin/oslevel       = unknown
/bin/universe          = unknown

PATH: /usr/local/sbin
PATH: /usr/local/bin
PATH: /usr/sbin
PATH: /usr/bin
PATH: /sbin
PATH: /bin


## ----------- ##
## Core tests. ##
## ----------- ##

configure:2839: checking build system type
configure:2853: result: x86_64-unknown-linux-gnu
configure:2873: checking host system type
configure:2886: result: x86_64-unknown-linux-gnu
configure:2906: checking target system type
configure:2919: result: x86_64-unknown-linux-gnu
configure:2964: checking for a BSD-compatible install
configure:3032: result: /usr/bin/install -c
configure:3043: checking whether build environment is sane
configure:3093: result: yes
configure:3234: checking for a thread-safe mkdir -p
configure:3273: result: /bin/mkdir -p
configure:3286: checking for gawk
configure:3316: result: no
configure:3286: checking for mawk
configure:3302: found /usr/bin/mawk
configure:3313: result: mawk
configure:3324: checking whether make sets $(MAKE)
configure:3346: result: yes
configure:3505: checking how to print strings
configure:3532: result: printf
configure:3565: checking for style of include used by make
configure:3593: result: GNU
configure:3664: checking for gcc
configure:3680: found /usr/bin/gcc
configure:3691: result: gcc
configure:3920: checking for C compiler version
configure:3929: gcc --version >&5
gcc (Ubuntu 4.8.2-19ubuntu1) 4.8.2
Copyright (C) 2013 Free Software Foundation, Inc.
This is free software; see the source for copying conditions.  There is NO
warranty; not even for MERCHANTABILITY or FITNESS FOR A PARTICULAR PURPOSE.

configure:3940: $? = 0
configure:3929: gcc -v >&5
Using built-in specs.
COLLECT_GCC=gcc
COLLECT_LTO_WRAPPER=/usr/lib/gcc/x86_64-linux-gnu/4.8/lto-wrapper
Target: x86_64-linux-gnu
Configured with: ../src/configure -v --with-pkgversion='Ubuntu 4.8.2-19ubuntu1' --with-bugurl=file:///usr/share/doc/gcc-4.8/README.Bugs --enable-languages=c,c++,java,go,d,fortran,objc,obj-c++ --prefix=/usr --program-suffix=-4.8 --enable-shared --enable-linker-build-id --libexecdir=/usr/lib --without-included-gettext --enable-threads=posix --with-gxx-include-dir=/usr/include/c++/4.8 --libdir=/usr/lib --enable-nls --with-sysroot=/ --enable-clocale=gnu --enable-libstdcxx-debug --enable-libstdcxx-time=yes --enable-gnu-unique-object --disable-libmudflap --enable-plugin --with-system-zlib --disable-browser-plugin --enable-java-awt=gtk --enable-gtk-cairo --with-java-home=/usr/lib/jvm/java-1.5.0-gcj-4.8-amd64/jre --enable-java-home --with-jvm-root-dir=/usr/lib/jvm/java-1.5.0-gcj-4.8-amd64 --with-jvm-jar-dir=/usr/lib/jvm-exports/java-1.5.0-gcj-4.8-amd64 --with-arch-directory=amd64 --with-ecj-jar=/usr/share/java/eclipse-ecj.jar --enable-objc-gc --enable-multiarch --disable-werror --with-arch-32=i686 --with-abi=m64 --with-multilib-list=m32,m64,mx32 --with-tune=generic --enable-checking=release --build=x86_64-linux-gnu --host=x86_64-linux-gnu --target=x86_64-linux-gnu
Thread model: posix
gcc version 4.8.2 (Ubuntu 4.8.2-19ubuntu1) 
configure:3940: $? = 0
configure:3929: gcc -V >&5
gcc: error: unrecognized command line option '-V'
gcc: fatal error: no input files
compilation terminated.
configure:3940: $? = 4
configure:3929: gcc -qversion >&5
gcc: error: unrecognized command line option '-qversion'
gcc: fatal error: no input files
compilation terminated.
configure:3940: $? = 4
configure:3960: checking whether the C compiler works
configure:3982: gcc    conftest.c  >&5
configure:3986: $? = 0
configure:4034: result: yes
configure:4037: checking for C compiler default output file name
configure:4039: result: a.out
configure:4045: checking for suffix of executables
configure:4052: gcc -o conftest    conftest.c  >&5
configure:4056: $? = 0
configure:4078: result: 
configure:4100: checking whether we are cross compiling
configure:4108: gcc -o conftest    conftest.c  >&5
configure:4112: $? = 0
configure:4119: ./conftest
configure:4123: $? = 0
configure:4138: result: no
configure:4143: checking for suffix of object files
configure:4165: gcc -c   conftest.c >&5
configure:4169: $? = 0
configure:4190: result: o
configure:4194: checking whether we are using the GNU C compiler
configure:4213: gcc -c   conftest.c >&5
configure:4213: $? = 0
configure:4222: result: yes
configure:4231: checking whether gcc accepts -g
configure:4251: gcc -c -g  conftest.c >&5
configure:4251: $? = 0
configure:4292: result: yes
configure:4309: checking for gcc option to accept ISO C89
configure:4372: gcc  -c -g -O2  conftest.c >&5
configure:4372: $? = 0
configure:4385: result: none needed
configure:4407: checking dependency style of gcc
configure:4518: result: gcc3
configure:4533: checking for a sed that does not truncate output
configure:4597: result: /bin/sed
configure:4615: checking for grep that handles long lines and -e
configure:4673: result: /bin/grep
configure:4678: checking for egrep
configure:4740: result: /bin/grep -E
configure:4745: checking for fgrep
configure:4807: result: /bin/grep -F
configure:4842: checking for ld used by gcc
configure:4909: result: /usr/bin/ld
configure:4916: checking if the linker (/usr/bin/ld) is GNU ld
configure:4931: result: yes
configure:4943: checking for BSD- or MS-compatible name lister (nm)
configure:4992: result: /usr/bin/nm -B
configure:5122: checking the name lister (/usr/bin/nm -B) interface
configure:5129: gcc -c -g -O2  conftest.c >&5
configure:5132: /usr/bin/nm -B "conftest.o"
configure:5135: output
0000000000000000 B some_variable
configure:5142: result: BSD nm
configure:5145: checking whether ln -s works
configure:5149: result: yes
configure:5157: checking the maximum length of command line arguments
configure:5287: result: 1572864
configure:5304: checking whether the shell understands some XSI constructs
configure:5314: result: yes
configure:5318: checking whether the shell understands "+="
configure:5324: result: yes
configure:5359: checking how to convert x86_64-unknown-linux-gnu file names to x86_64-unknown-linux-gnu format
configure:5399: result: func_convert_file_noop
configure:5406: checking how to convert x86_64-unknown-linux-gnu file names to toolchain format
configure:5426: result: func_convert_file_noop
configure:5433: checking for /usr/bin/ld option to reload object files
configure:5440: result: -r
configure:5514: checking for objdump
configure:5530: found /usr/bin/objdump
configure:5541: result: objdump
configure:5573: checking how to recognize dependent libraries
configure:5771: result: pass_all
configure:5856: checking for dlltool
configure:5886: result: no
configure:5916: checking how to associate runtime and link libraries
configure:5943: result: printf %s\n
configure:6004: checking for ar
configure:6020: found /usr/bin/ar
configure:6031: result: ar
configure:6068: checking for archiver @FILE support
configure:6085: gcc -c -g -O2  conftest.c >&5
configure:6085: $? = 0
configure:6088: ar cru libconftest.a @conftest.lst >&5
configure:6091: $? = 0
configure:6096: ar cru libconftest.a @conftest.lst >&5
ar: conftest.o: No such file or directory
configure:6099: $? = 1
configure:6111: result: @
configure:6169: checking for strip
configure:6185: found /usr/bin/strip
configure:6196: result: strip
configure:6268: checking for ranlib
configure:6284: found /usr/bin/ranlib
configure:6295: result: ranlib
configure:6397: checking command to parse /usr/bin/nm -B output from gcc object
configure:6517: gcc -c -g -O2  conftest.c >&5
configure:6520: $? = 0
configure:6524: /usr/bin/nm -B conftest.o \| sed -n -e 's/^.*[ ]\([ABCDGIRSTW][ABCDGIRSTW]*\)[ ][ ]*\([_A-Za-z][_A-Za-z0-9]*\)$/\1 \2 \2/p' | sed '/ __gnu_lto/d' \> conftest.nm
configure:6527: $? = 0
configure:6593: gcc -o conftest -g -O2   conftest.c conftstm.o >&5
configure:6596: $? = 0
configure:6634: result: ok
configure:6671: checking for sysroot
configure:6701: result: no
configure:6778: gcc -c -g -O2  conftest.c >&5
configure:6781: $? = 0
configure:6957: checking for mt
configure:6973: found /bin/mt
configure:6984: result: mt
configure:7007: checking if mt is a manifest tool
configure:7013: mt '-?'
configure:7021: result: no
configure:7663: checking how to run the C preprocessor
configure:7694: gcc -E  conftest.c
configure:7694: $? = 0
configure:7708: gcc -E  conftest.c
conftest.c:11:28: fatal error: ac_nonexistent.h: No such file or directory
 #include <ac_nonexistent.h>
                            ^
compilation terminated.
configure:7708: $? = 1
configure: failed program was:
| /* confdefs.h */
| #define PACKAGE_NAME "codeblocks"
| #define PACKAGE_TARNAME "codeblocks"
| #define PACKAGE_VERSION "13.12-9491"
| #define PACKAGE_STRING "codeblocks 13.12-9491"
| #define PACKAGE_BUGREPORT ""
| #define PACKAGE_URL ""
| #define PACKAGE "codeblocks"
| #define VERSION "13.12-9491"
| /* end confdefs.h.  */
| #include <ac_nonexistent.h>
configure:7733: result: gcc -E
configure:7753: gcc -E  conftest.c
configure:7753: $? = 0
configure:7767: gcc -E  conftest.c
conftest.c:11:28: fatal error: ac_nonexistent.h: No such file or directory
 #include <ac_nonexistent.h>
                            ^
compilation terminated.
configure:7767: $? = 1
configure: failed program was:
| /* confdefs.h */
| #define PACKAGE_NAME "codeblocks"
| #define PACKAGE_TARNAME "codeblocks"
| #define PACKAGE_VERSION "13.12-9491"
| #define PACKAGE_STRING "codeblocks 13.12-9491"
| #define PACKAGE_BUGREPORT ""
| #define PACKAGE_URL ""
| #define PACKAGE "codeblocks"
| #define VERSION "13.12-9491"
| /* end confdefs.h.  */
| #include <ac_nonexistent.h>
configure:7796: checking for ANSI C header files
configure:7816: gcc -c -g -O2  conftest.c >&5
configure:7816: $? = 0
configure:7889: gcc -o conftest -g -O2   conftest.c  >&5
configure:7889: $? = 0
configure:7889: ./conftest
configure:7889: $? = 0
configure:7900: result: yes
configure:7913: checking for sys/types.h
configure:7913: gcc -c -g -O2  conftest.c >&5
configure:7913: $? = 0
configure:7913: result: yes
configure:7913: checking for sys/stat.h
configure:7913: gcc -c -g -O2  conftest.c >&5
configure:7913: $? = 0
configure:7913: result: yes
configure:7913: checking for stdlib.h
configure:7913: gcc -c -g -O2  conftest.c >&5
configure:7913: $? = 0
configure:7913: result: yes
configure:7913: checking for string.h
configure:7913: gcc -c -g -O2  conftest.c >&5
configure:7913: $? = 0
configure:7913: result: yes
configure:7913: checking for memory.h
configure:7913: gcc -c -g -O2  conftest.c >&5
configure:7913: $? = 0
configure:7913: result: yes
configure:7913: checking for strings.h
configure:7913: gcc -c -g -O2  conftest.c >&5
configure:7913: $? = 0
configure:7913: result: yes
configure:7913: checking for inttypes.h
configure:7913: gcc -c -g -O2  conftest.c >&5
configure:7913: $? = 0
configure:7913: result: yes
configure:7913: checking for stdint.h
configure:7913: gcc -c -g -O2  conftest.c >&5
configure:7913: $? = 0
configure:7913: result: yes
configure:7913: checking for unistd.h
configure:7913: gcc -c -g -O2  conftest.c >&5
configure:7913: $? = 0
configure:7913: result: yes
configure:7927: checking for dlfcn.h
configure:7927: gcc -c -g -O2  conftest.c >&5
configure:7927: $? = 0
configure:7927: result: yes
configure:8103: checking for objdir
configure:8118: result: .libs
configure:8385: checking if gcc supports -fno-rtti -fno-exceptions
configure:8403: gcc -c -g -O2  -fno-rtti -fno-exceptions conftest.c >&5
cc1: warning: command line option '-fno-rtti' is valid for C++/ObjC++ but not for C [enabled by default]
configure:8407: $? = 0
configure:8420: result: no
configure:8747: checking for gcc option to produce PIC
configure:8754: result: -fPIC -DPIC
configure:8762: checking if gcc PIC flag -fPIC -DPIC works
configure:8780: gcc -c -g -O2  -fPIC -DPIC -DPIC conftest.c >&5
configure:8784: $? = 0
configure:8797: result: yes
configure:8826: checking if gcc static flag -static works
configure:8854: result: yes
configure:8869: checking if gcc supports -c -o file.o
configure:8890: gcc -c -g -O2  -o out/conftest2.o conftest.c >&5
configure:8894: $? = 0
configure:8916: result: yes
configure:8924: checking if gcc supports -c -o file.o
configure:8971: result: yes
configure:9004: checking whether the gcc linker (/usr/bin/ld -m elf_x86_64) supports shared libraries
configure:10161: result: yes
configure:10198: checking whether -lc should be explicitly linked in
configure:10206: gcc -c -g -O2  conftest.c >&5
configure:10209: $? = 0
configure:10224: gcc -shared  -fPIC -DPIC conftest.o  -v -Wl,-soname -Wl,conftest -o conftest 2\>\&1 \| /bin/grep  -lc  \>/dev/null 2\>\&1
configure:10227: $? = 0
configure:10241: result: no
configure:10401: checking dynamic linker characteristics
configure:10901: gcc -o conftest -g -O2   -Wl,-rpath -Wl,/foo conftest.c  >&5
configure:10901: $? = 0
configure:11135: result: GNU/Linux ld.so
configure:11242: checking how to hardcode library paths into programs
configure:11267: result: immediate
configure:11807: checking whether stripping libraries is possible
configure:11812: result: yes
configure:11847: checking if libtool supports shared libraries
configure:11849: result: yes
configure:11852: checking whether to build shared libraries
configure:11873: result: yes
configure:11876: checking whether to build static libraries
configure:11880: result: no
configure:11922: checking whether to enable debugging
configure:11942: result: no
configure:12005: checking for g++
configure:12021: found /usr/bin/g++
configure:12032: result: g++
configure:12059: checking for C++ compiler version
configure:12068: g++ --version >&5
g++ (Ubuntu 4.8.2-19ubuntu1) 4.8.2
Copyright (C) 2013 Free Software Foundation, Inc.
This is free software; see the source for copying conditions.  There is NO
warranty; not even for MERCHANTABILITY or FITNESS FOR A PARTICULAR PURPOSE.

configure:12079: $? = 0
configure:12068: g++ -v >&5
Using built-in specs.
COLLECT_GCC=g++
COLLECT_LTO_WRAPPER=/usr/lib/gcc/x86_64-linux-gnu/4.8/lto-wrapper
Target: x86_64-linux-gnu
Configured with: ../src/configure -v --with-pkgversion='Ubuntu 4.8.2-19ubuntu1' --with-bugurl=file:///usr/share/doc/gcc-4.8/README.Bugs --enable-languages=c,c++,java,go,d,fortran,objc,obj-c++ --prefix=/usr --program-suffix=-4.8 --enable-shared --enable-linker-build-id --libexecdir=/usr/lib --without-included-gettext --enable-threads=posix --with-gxx-include-dir=/usr/include/c++/4.8 --libdir=/usr/lib --enable-nls --with-sysroot=/ --enable-clocale=gnu --enable-libstdcxx-debug --enable-libstdcxx-time=yes --enable-gnu-unique-object --disable-libmudflap --enable-plugin --with-system-zlib --disable-browser-plugin --enable-java-awt=gtk --enable-gtk-cairo --with-java-home=/usr/lib/jvm/java-1.5.0-gcj-4.8-amd64/jre --enable-java-home --with-jvm-root-dir=/usr/lib/jvm/java-1.5.0-gcj-4.8-amd64 --with-jvm-jar-dir=/usr/lib/jvm-exports/java-1.5.0-gcj-4.8-amd64 --with-arch-directory=amd64 --with-ecj-jar=/usr/share/java/eclipse-ecj.jar --enable-objc-gc --enable-multiarch --disable-werror --with-arch-32=i686 --with-abi=m64 --with-multilib-list=m32,m64,mx32 --with-tune=generic --enable-checking=release --build=x86_64-linux-gnu --host=x86_64-linux-gnu --target=x86_64-linux-gnu
Thread model: posix
gcc version 4.8.2 (Ubuntu 4.8.2-19ubuntu1) 
configure:12079: $? = 0
configure:12068: g++ -V >&5
g++: error: unrecognized command line option '-V'
g++: fatal error: no input files
compilation terminated.
configure:12079: $? = 4
configure:12068: g++ -qversion >&5
g++: error: unrecognized command line option '-qversion'
g++: fatal error: no input files
compilation terminated.
configure:12079: $? = 4
configure:12083: checking whether we are using the GNU C++ compiler
configure:12102: g++ -c -O2 -ffast-math -DCB_AUTOCONF   conftest.cpp >&5
configure:12102: $? = 0
configure:12111: result: yes
configure:12120: checking whether g++ accepts -g
configure:12140: g++ -c -g  conftest.cpp >&5
configure:12140: $? = 0
configure:12181: result: yes
configure:12206: checking dependency style of g++
configure:12317: result: gcc3
configure:12350: checking how to run the C++ preprocessor
configure:12377: g++ -E  conftest.cpp
configure:12377: $? = 0
configure:12391: g++ -E  conftest.cpp
conftest.cpp:23:28: fatal error: ac_nonexistent.h: No such file or directory
 #include <ac_nonexistent.h>
                            ^
compilation terminated.
configure:12391: $? = 1
configure: failed program was:
| /* confdefs.h */
| #define PACKAGE_NAME "codeblocks"
| #define PACKAGE_TARNAME "codeblocks"
| #define PACKAGE_VERSION "13.12-9491"
| #define PACKAGE_STRING "codeblocks 13.12-9491"
| #define PACKAGE_BUGREPORT ""
| #define PACKAGE_URL ""
| #define PACKAGE "codeblocks"
| #define VERSION "13.12-9491"
| #define STDC_HEADERS 1
| #define HAVE_SYS_TYPES_H 1
| #define HAVE_SYS_STAT_H 1
| #define HAVE_STDLIB_H 1
| #define HAVE_STRING_H 1
| #define HAVE_MEMORY_H 1
| #define HAVE_STRINGS_H 1
| #define HAVE_INTTYPES_H 1
| #define HAVE_STDINT_H 1
| #define HAVE_UNISTD_H 1
| #define HAVE_DLFCN_H 1
| #define LT_OBJDIR ".libs/"
| /* end confdefs.h.  */
| #include <ac_nonexistent.h>
configure:12416: result: g++ -E
configure:12436: g++ -E  conftest.cpp
configure:12436: $? = 0
configure:12450: g++ -E  conftest.cpp
conftest.cpp:23:28: fatal error: ac_nonexistent.h: No such file or directory
 #include <ac_nonexistent.h>
                            ^
compilation terminated.
configure:12450: $? = 1
configure: failed program was:
| /* confdefs.h */
| #define PACKAGE_NAME "codeblocks"
| #define PACKAGE_TARNAME "codeblocks"
| #define PACKAGE_VERSION "13.12-9491"
| #define PACKAGE_STRING "codeblocks 13.12-9491"
| #define PACKAGE_BUGREPORT ""
| #define PACKAGE_URL ""
| #define PACKAGE "codeblocks"
| #define VERSION "13.12-9491"
| #define STDC_HEADERS 1
| #define HAVE_SYS_TYPES_H 1
| #define HAVE_SYS_STAT_H 1
| #define HAVE_STDLIB_H 1
| #define HAVE_STRING_H 1
| #define HAVE_MEMORY_H 1
| #define HAVE_STRINGS_H 1
| #define HAVE_INTTYPES_H 1
| #define HAVE_STDINT_H 1
| #define HAVE_UNISTD_H 1
| #define HAVE_DLFCN_H 1
| #define LT_OBJDIR ".libs/"
| /* end confdefs.h.  */
| #include <ac_nonexistent.h>
configure:12619: checking for ld used by g++
configure:12686: result: /usr/bin/ld -m elf_x86_64
configure:12693: checking if the linker (/usr/bin/ld -m elf_x86_64) is GNU ld
configure:12708: result: yes
configure:12763: checking whether the g++ linker (/usr/bin/ld -m elf_x86_64) supports shared libraries
configure:13765: result: yes
configure:13801: g++ -c -O2 -ffast-math -DCB_AUTOCONF   conftest.cpp >&5
configure:13804: $? = 0
configure:14324: checking for g++ option to produce PIC
configure:14331: result: -fPIC -DPIC
configure:14339: checking if g++ PIC flag -fPIC -DPIC works
configure:14357: g++ -c -O2 -ffast-math -DCB_AUTOCONF   -fPIC -DPIC -DPIC conftest.cpp >&5
configure:14361: $? = 0
configure:14374: result: yes
configure:14397: checking if g++ static flag -static works
configure:14425: result: yes
configure:14437: checking if g++ supports -c -o file.o
configure:14458: g++ -c -O2 -ffast-math -DCB_AUTOCONF   -o out/conftest2.o conftest.cpp >&5
configure:14462: $? = 0
configure:14484: result: yes
configure:14489: checking if g++ supports -c -o file.o
configure:14536: result: yes
configure:14566: checking whether the g++ linker (/usr/bin/ld -m elf_x86_64) supports shared libraries
configure:14605: result: yes
configure:14746: checking dynamic linker characteristics
configure:15414: result: GNU/Linux ld.so
configure:15467: checking how to hardcode library paths into programs
configure:15492: result: immediate
configure:15537: checking how to run the C preprocessor
configure:15607: result: gcc -E
configure:15627: gcc -E  conftest.c
configure:15627: $? = 0
configure:15641: gcc -E  conftest.c
conftest.c:23:28: fatal error: ac_nonexistent.h: No such file or directory
 #include <ac_nonexistent.h>
                            ^
compilation terminated.
configure:15641: $? = 1
configure: failed program was:
| /* confdefs.h */
| #define PACKAGE_NAME "codeblocks"
| #define PACKAGE_TARNAME "codeblocks"
| #define PACKAGE_VERSION "13.12-9491"
| #define PACKAGE_STRING "codeblocks 13.12-9491"
| #define PACKAGE_BUGREPORT ""
| #define PACKAGE_URL ""
| #define PACKAGE "codeblocks"
| #define VERSION "13.12-9491"
| #define STDC_HEADERS 1
| #define HAVE_SYS_TYPES_H 1
| #define HAVE_SYS_STAT_H 1
| #define HAVE_STDLIB_H 1
| #define HAVE_STRING_H 1
| #define HAVE_MEMORY_H 1
| #define HAVE_STRINGS_H 1
| #define HAVE_INTTYPES_H 1
| #define HAVE_STDINT_H 1
| #define HAVE_UNISTD_H 1
| #define HAVE_DLFCN_H 1
| #define LT_OBJDIR ".libs/"
| /* end confdefs.h.  */
| #include <ac_nonexistent.h>
configure:15717: checking for gcc
configure:15744: result: gcc
configure:15973: checking for C compiler version
configure:15982: gcc --version >&5
gcc (Ubuntu 4.8.2-19ubuntu1) 4.8.2
Copyright (C) 2013 Free Software Foundation, Inc.
This is free software; see the source for copying conditions.  There is NO
warranty; not even for MERCHANTABILITY or FITNESS FOR A PARTICULAR PURPOSE.

configure:15993: $? = 0
configure:15982: gcc -v >&5
Using built-in specs.
COLLECT_GCC=gcc
COLLECT_LTO_WRAPPER=/usr/lib/gcc/x86_64-linux-gnu/4.8/lto-wrapper
Target: x86_64-linux-gnu
Configured with: ../src/configure -v --with-pkgversion='Ubuntu 4.8.2-19ubuntu1' --with-bugurl=file:///usr/share/doc/gcc-4.8/README.Bugs --enable-languages=c,c++,java,go,d,fortran,objc,obj-c++ --prefix=/usr --program-suffix=-4.8 --enable-shared --enable-linker-build-id --libexecdir=/usr/lib --without-included-gettext --enable-threads=posix --with-gxx-include-dir=/usr/include/c++/4.8 --libdir=/usr/lib --enable-nls --with-sysroot=/ --enable-clocale=gnu --enable-libstdcxx-debug --enable-libstdcxx-time=yes --enable-gnu-unique-object --disable-libmudflap --enable-plugin --with-system-zlib --disable-browser-plugin --enable-java-awt=gtk --enable-gtk-cairo --with-java-home=/usr/lib/jvm/java-1.5.0-gcj-4.8-amd64/jre --enable-java-home --with-jvm-root-dir=/usr/lib/jvm/java-1.5.0-gcj-4.8-amd64 --with-jvm-jar-dir=/usr/lib/jvm-exports/java-1.5.0-gcj-4.8-amd64 --with-arch-directory=amd64 --with-ecj-jar=/usr/share/java/eclipse-ecj.jar --enable-objc-gc --enable-multiarch --disable-werror --with-arch-32=i686 --with-abi=m64 --with-multilib-list=m32,m64,mx32 --with-tune=generic --enable-checking=release --build=x86_64-linux-gnu --host=x86_64-linux-gnu --target=x86_64-linux-gnu
Thread model: posix
gcc version 4.8.2 (Ubuntu 4.8.2-19ubuntu1) 
configure:15993: $? = 0
configure:15982: gcc -V >&5
gcc: error: unrecognized command line option '-V'
gcc: fatal error: no input files
compilation terminated.
configure:15993: $? = 4
configure:15982: gcc -qversion >&5
gcc: error: unrecognized command line option '-qversion'
gcc: fatal error: no input files
compilation terminated.
configure:15993: $? = 4
configure:15997: checking whether we are using the GNU C compiler
configure:16025: result: yes
configure:16034: checking whether gcc accepts -g
configure:16095: result: yes
configure:16112: checking for gcc option to accept ISO C89
configure:16188: result: none needed
configure:16210: checking dependency style of gcc
configure:16321: result: gcc3
configure:16337: checking whether gcc and cc understand -c and -o together
configure:16368: gcc -c conftest.c -o conftest2.o >&5
configure:16372: $? = 0
configure:16378: gcc -c conftest.c -o conftest2.o >&5
configure:16382: $? = 0
configure:16393: cc -c conftest.c >&5
configure:16397: $? = 0
configure:16405: cc -c conftest.c -o conftest2.o >&5
configure:16409: $? = 0
configure:16415: cc -c conftest.c -o conftest2.o >&5
configure:16419: $? = 0
configure:16437: result: yes
configure:16448: checking whether ln -s works
configure:16452: result: yes
configure:16459: checking whether make sets $(MAKE)
configure:16481: result: yes
configure:16494: checking for gawk
configure:16521: result: mawk
configure:16705: checking for dirent.h that defines DIR
configure:16724: gcc -c -O2 -ffast-math -DCB_AUTOCONF -g -O2  conftest.c >&5
configure:16724: $? = 0
configure:16732: result: yes
configure:16745: checking for library containing opendir
configure:16776: gcc -o conftest -O2 -ffast-math -DCB_AUTOCONF -g -O2  -Wl,--no-undefined conftest.c  >&5
configure:16776: $? = 0
configure:16793: result: none required
configure:16860: checking for ANSI C header files
configure:16964: result: yes
configure:16975: checking fcntl.h usability
configure:16975: gcc -c -O2 -ffast-math -DCB_AUTOCONF -g -O2  conftest.c >&5
configure:16975: $? = 0
configure:16975: result: yes
configure:16975: checking fcntl.h presence
configure:16975: gcc -E  conftest.c
configure:16975: $? = 0
configure:16975: result: yes
configure:16975: checking for fcntl.h
configure:16975: result: yes
configure:16975: checking limits.h usability
configure:16975: gcc -c -O2 -ffast-math -DCB_AUTOCONF -g -O2  conftest.c >&5
configure:16975: $? = 0
configure:16975: result: yes
configure:16975: checking limits.h presence
configure:16975: gcc -E  conftest.c
configure:16975: $? = 0
configure:16975: result: yes
configure:16975: checking for limits.h
configure:16975: result: yes
configure:16975: checking for stdlib.h
configure:16975: result: yes
configure:16975: checking for string.h
configure:16975: result: yes
configure:16975: checking sys/param.h usability
configure:16975: gcc -c -O2 -ffast-math -DCB_AUTOCONF -g -O2  conftest.c >&5
configure:16975: $? = 0
configure:16975: result: yes
configure:16975: checking sys/param.h presence
configure:16975: gcc -E  conftest.c
configure:16975: $? = 0
configure:16975: result: yes
configure:16975: checking for sys/param.h
configure:16975: result: yes
configure:16975: checking for unistd.h
configure:16975: result: yes
configure:16975: checking malloc.h usability
configure:16975: gcc -c -O2 -ffast-math -DCB_AUTOCONF -g -O2  conftest.c >&5
configure:16975: $? = 0
configure:16975: result: yes
configure:16975: checking malloc.h presence
configure:16975: gcc -E  conftest.c
configure:16975: $? = 0
configure:16975: result: yes
configure:16975: checking for malloc.h
configure:16975: result: yes
configure:16986: checking for stdbool.h that conforms to C99
configure:17053: gcc -c -O2 -ffast-math -DCB_AUTOCONF -g -O2  conftest.c >&5
configure:17053: $? = 0
configure:17060: result: yes
configure:17062: checking for _Bool
configure:17062: gcc -c -O2 -ffast-math -DCB_AUTOCONF -g -O2  conftest.c >&5
configure:17062: $? = 0
configure:17062: gcc -c -O2 -ffast-math -DCB_AUTOCONF -g -O2  conftest.c >&5
conftest.c: In function 'main':
conftest.c:68:20: error: expected expression before ')' token
 if (sizeof ((_Bool)))
                    ^
configure:17062: $? = 1
configure: failed program was:
| /* confdefs.h */
| #define PACKAGE_NAME "codeblocks"
| #define PACKAGE_TARNAME "codeblocks"
| #define PACKAGE_VERSION "13.12-9491"
| #define PACKAGE_STRING "codeblocks 13.12-9491"
| #define PACKAGE_BUGREPORT ""
| #define PACKAGE_URL ""
| #define PACKAGE "codeblocks"
| #define VERSION "13.12-9491"
| #define STDC_HEADERS 1
| #define HAVE_SYS_TYPES_H 1
| #define HAVE_SYS_STAT_H 1
| #define HAVE_STDLIB_H 1
| #define HAVE_STRING_H 1
| #define HAVE_MEMORY_H 1
| #define HAVE_STRINGS_H 1
| #define HAVE_INTTYPES_H 1
| #define HAVE_STDINT_H 1
| #define HAVE_UNISTD_H 1
| #define HAVE_DLFCN_H 1
| #define LT_OBJDIR ".libs/"
| #define HAVE_DIRENT_H 1
| #define STDC_HEADERS 1
| #define HAVE_FCNTL_H 1
| #define HAVE_LIMITS_H 1
| #define HAVE_STDLIB_H 1
| #define HAVE_STRING_H 1
| #define HAVE_SYS_PARAM_H 1
| #define HAVE_UNISTD_H 1
| #define HAVE_MALLOC_H 1
| /* end confdefs.h.  */
| #include <stdio.h>
| #ifdef HAVE_SYS_TYPES_H
| # include <sys/types.h>
| #endif
| #ifdef HAVE_SYS_STAT_H
| # include <sys/stat.h>
| #endif
| #ifdef STDC_HEADERS
| # include <stdlib.h>
| # include <stddef.h>
| #else
| # ifdef HAVE_STDLIB_H
| #  include <stdlib.h>
| # endif
| #endif
| #ifdef HAVE_STRING_H
| # if !defined STDC_HEADERS && defined HAVE_MEMORY_H
| #  include <memory.h>
| # endif
| # include <string.h>
| #endif
| #ifdef HAVE_STRINGS_H
| # include <strings.h>
| #endif
| #ifdef HAVE_INTTYPES_H
| # include <inttypes.h>
| #endif
| #ifdef HAVE_STDINT_H
| # include <stdint.h>
| #endif
| #ifdef HAVE_UNISTD_H
| # include <unistd.h>
| #endif
| int
| main ()
| {
| if (sizeof ((_Bool)))
| 	    return 0;
|   ;
|   return 0;
| }
configure:17062: result: yes
configure:17079: checking for an ANSI C-conforming const
configure:17145: gcc -c -O2 -ffast-math -DCB_AUTOCONF -g -O2  conftest.c >&5
configure:17145: $? = 0
configure:17152: result: yes
configure:17160: checking for inline
configure:17176: gcc -c -O2 -ffast-math -DCB_AUTOCONF -g -O2  conftest.c >&5
configure:17176: $? = 0
configure:17184: result: inline
configure:17202: checking for size_t
configure:17202: gcc -c -O2 -ffast-math -DCB_AUTOCONF -g -O2  conftest.c >&5
configure:17202: $? = 0
configure:17202: gcc -c -O2 -ffast-math -DCB_AUTOCONF -g -O2  conftest.c >&5
conftest.c: In function 'main':
conftest.c:70:21: error: expected expression before ')' token
 if (sizeof ((size_t)))
                     ^
configure:17202: $? = 1
configure: failed program was:
| /* confdefs.h */
| #define PACKAGE_NAME "codeblocks"
| #define PACKAGE_TARNAME "codeblocks"
| #define PACKAGE_VERSION "13.12-9491"
| #define PACKAGE_STRING "codeblocks 13.12-9491"
| #define PACKAGE_BUGREPORT ""
| #define PACKAGE_URL ""
| #define PACKAGE "codeblocks"
| #define VERSION "13.12-9491"
| #define STDC_HEADERS 1
| #define HAVE_SYS_TYPES_H 1
| #define HAVE_SYS_STAT_H 1
| #define HAVE_STDLIB_H 1
| #define HAVE_STRING_H 1
| #define HAVE_MEMORY_H 1
| #define HAVE_STRINGS_H 1
| #define HAVE_INTTYPES_H 1
| #define HAVE_STDINT_H 1
| #define HAVE_UNISTD_H 1
| #define HAVE_DLFCN_H 1
| #define LT_OBJDIR ".libs/"
| #define HAVE_DIRENT_H 1
| #define STDC_HEADERS 1
| #define HAVE_FCNTL_H 1
| #define HAVE_LIMITS_H 1
| #define HAVE_STDLIB_H 1
| #define HAVE_STRING_H 1
| #define HAVE_SYS_PARAM_H 1
| #define HAVE_UNISTD_H 1
| #define HAVE_MALLOC_H 1
| #define HAVE__BOOL 1
| #define HAVE_STDBOOL_H 1
| /* end confdefs.h.  */
| #include <stdio.h>
| #ifdef HAVE_SYS_TYPES_H
| # include <sys/types.h>
| #endif
| #ifdef HAVE_SYS_STAT_H
| # include <sys/stat.h>
| #endif
| #ifdef STDC_HEADERS
| # include <stdlib.h>
| # include <stddef.h>
| #else
| # ifdef HAVE_STDLIB_H
| #  include <stdlib.h>
| # endif
| #endif
| #ifdef HAVE_STRING_H
| # if !defined STDC_HEADERS && defined HAVE_MEMORY_H
| #  include <memory.h>
| # endif
| # include <string.h>
| #endif
| #ifdef HAVE_STRINGS_H
| # include <strings.h>
| #endif
| #ifdef HAVE_INTTYPES_H
| # include <inttypes.h>
| #endif
| #ifdef HAVE_STDINT_H
| # include <stdint.h>
| #endif
| #ifdef HAVE_UNISTD_H
| # include <unistd.h>
| #endif
| int
| main ()
| {
| if (sizeof ((size_t)))
| 	    return 0;
|   ;
|   return 0;
| }
configure:17202: result: yes
configure:17213: checking whether time.h and sys/time.h may both be included
configure:17233: gcc -c -O2 -ffast-math -DCB_AUTOCONF -g -O2  conftest.c >&5
configure:17233: $? = 0
configure:17240: result: yes
configure:17248: checking for working volatile
configure:17267: gcc -c -O2 -ffast-math -DCB_AUTOCONF -g -O2  conftest.c >&5
configure:17267: $? = 0
configure:17274: result: yes
configure:17283: checking whether closedir returns void
configure:17307: gcc -o conftest -O2 -ffast-math -DCB_AUTOCONF -g -O2  -Wl,--no-undefined conftest.c  >&5
configure:17307: $? = 0
configure:17307: ./conftest
configure:17307: $? = 0
configure:17317: result: no
configure:17327: checking for stdlib.h
configure:17327: result: yes
configure:17337: checking for GNU libc compatible malloc
configure:17361: gcc -o conftest -O2 -ffast-math -DCB_AUTOCONF -g -O2  -Wl,--no-undefined conftest.c  >&5
configure:17361: $? = 0
configure:17361: ./conftest
configure:17361: $? = 0
configure:17371: result: yes
configure:17392: checking for working memcmp
configure:17435: gcc -o conftest -O2 -ffast-math -DCB_AUTOCONF -g -O2  -Wl,--no-undefined conftest.c  >&5
configure:17435: $? = 0
configure:17435: ./conftest
configure:17435: $? = 0
configure:17445: result: yes
configure:17454: checking whether lstat correctly handles trailing slash
configure:17480: gcc -o conftest -O2 -ffast-math -DCB_AUTOCONF -g -O2  -Wl,--no-undefined conftest.c  >&5
configure:17480: $? = 0
configure:17480: ./conftest
configure:17480: $? = 0
configure:17497: result: yes
configure:17516: checking whether stat accepts an empty string
configure:17536: gcc -o conftest -O2 -ffast-math -DCB_AUTOCONF -g -O2  -Wl,--no-undefined conftest.c  >&5
configure:17536: $? = 0
configure:17536: ./conftest
configure:17536: $? = 0
configure:17546: result: no
configure:17564: checking for vprintf
configure:17564: gcc -o conftest -O2 -ffast-math -DCB_AUTOCONF -g -O2  -Wl,--no-undefined conftest.c  >&5
conftest.c:61:6: warning: conflicting types for built-in function 'vprintf' [enabled by default]
 char vprintf ();
      ^
configure:17564: $? = 0
configure:17564: result: yes
configure:17570: checking for _doprnt
configure:17570: gcc -o conftest -O2 -ffast-math -DCB_AUTOCONF -g -O2  -Wl,--no-undefined conftest.c  >&5
/tmp/ccID4Bsn.o: In function `main':
/usr/local/src/c.cpp.h/_/codeblocks/13.12/build/conftest.c:73: undefined reference to `_doprnt'
collect2: error: ld returned 1 exit status
configure:17570: $? = 1
configure: failed program was:
| /* confdefs.h */
| #define PACKAGE_NAME "codeblocks"
| #define PACKAGE_TARNAME "codeblocks"
| #define PACKAGE_VERSION "13.12-9491"
| #define PACKAGE_STRING "codeblocks 13.12-9491"
| #define PACKAGE_BUGREPORT ""
| #define PACKAGE_URL ""
| #define PACKAGE "codeblocks"
| #define VERSION "13.12-9491"
| #define STDC_HEADERS 1
| #define HAVE_SYS_TYPES_H 1
| #define HAVE_SYS_STAT_H 1
| #define HAVE_STDLIB_H 1
| #define HAVE_STRING_H 1
| #define HAVE_MEMORY_H 1
| #define HAVE_STRINGS_H 1
| #define HAVE_INTTYPES_H 1
| #define HAVE_STDINT_H 1
| #define HAVE_UNISTD_H 1
| #define HAVE_DLFCN_H 1
| #define LT_OBJDIR ".libs/"
| #define HAVE_DIRENT_H 1
| #define STDC_HEADERS 1
| #define HAVE_FCNTL_H 1
| #define HAVE_LIMITS_H 1
| #define HAVE_STDLIB_H 1
| #define HAVE_STRING_H 1
| #define HAVE_SYS_PARAM_H 1
| #define HAVE_UNISTD_H 1
| #define HAVE_MALLOC_H 1
| #define HAVE__BOOL 1
| #define HAVE_STDBOOL_H 1
| #define TIME_WITH_SYS_TIME 1
| #define HAVE_STDLIB_H 1
| #define HAVE_MALLOC 1
| #define LSTAT_FOLLOWS_SLASHED_SYMLINK 1
| #define HAVE_VPRINTF 1
| /* end confdefs.h.  */
| /* Define _doprnt to an innocuous variant, in case <limits.h> declares _doprnt.
|    For example, HP-UX 11i <limits.h> declares gettimeofday.  */
| #define _doprnt innocuous__doprnt
| 
| /* System header to define __stub macros and hopefully few prototypes,
|     which can conflict with char _doprnt (); below.
|     Prefer <limits.h> to <assert.h> if __STDC__ is defined, since
|     <limits.h> exists even on freestanding compilers.  */
| 
| #ifdef __STDC__
| # include <limits.h>
| #else
| # include <assert.h>
| #endif
| 
| #undef _doprnt
| 
| /* Override any GCC internal prototype to avoid an error.
|    Use char because int might match the return type of a GCC
|    builtin and then its argument prototype would still apply.  */
| #ifdef __cplusplus
| extern "C"
| #endif
| char _doprnt ();
| /* The GNU C library defines this for functions which it implements
|     to always fail with ENOSYS.  Some functions are actually named
|     something starting with __ and the normal name is an alias.  */
| #if defined __stub__doprnt || defined __stub____doprnt
| choke me
| #endif
| 
| int
| main ()
| {
| return _doprnt ();
|   ;
|   return 0;
| }
configure:17570: result: no
configure:17584: checking for atexit
configure:17584: gcc -o conftest -O2 -ffast-math -DCB_AUTOCONF -g -O2  -Wl,--no-undefined conftest.c  >&5
configure:17584: $? = 0
configure:17584: result: yes
configure:17584: checking for getcwd
configure:17584: gcc -o conftest -O2 -ffast-math -DCB_AUTOCONF -g -O2  -Wl,--no-undefined conftest.c  >&5
configure:17584: $? = 0
configure:17584: result: yes
configure:17584: checking for isascii
configure:17584: gcc -o conftest -O2 -ffast-math -DCB_AUTOCONF -g -O2  -Wl,--no-undefined conftest.c  >&5
conftest.c:64:6: warning: conflicting types for built-in function 'isascii' [enabled by default]
 char isascii ();
      ^
configure:17584: $? = 0
configure:17584: result: yes
configure:17584: checking for memchr
configure:17584: gcc -o conftest -O2 -ffast-math -DCB_AUTOCONF -g -O2  -Wl,--no-undefined conftest.c  >&5
conftest.c:65:6: warning: conflicting types for built-in function 'memchr' [enabled by default]
 char memchr ();
      ^
configure:17584: $? = 0
configure:17584: result: yes
configure:17584: checking for memmove
configure:17584: gcc -o conftest -O2 -ffast-math -DCB_AUTOCONF -g -O2  -Wl,--no-undefined conftest.c  >&5
conftest.c:66:6: warning: conflicting types for built-in function 'memmove' [enabled by default]
 char memmove ();
      ^
configure:17584: $? = 0
configure:17584: result: yes
configure:17584: checking for memset
configure:17584: gcc -o conftest -O2 -ffast-math -DCB_AUTOCONF -g -O2  -Wl,--no-undefined conftest.c  >&5
conftest.c:67:6: warning: conflicting types for built-in function 'memset' [enabled by default]
 char memset ();
      ^
configure:17584: $? = 0
configure:17584: result: yes
configure:17584: checking for strcasecmp
configure:17584: gcc -o conftest -O2 -ffast-math -DCB_AUTOCONF -g -O2  -Wl,--no-undefined conftest.c  >&5
conftest.c:68:6: warning: conflicting types for built-in function 'strcasecmp' [enabled by default]
 char strcasecmp ();
      ^
configure:17584: $? = 0
configure:17584: result: yes
configure:17584: checking for strchr
configure:17584: gcc -o conftest -O2 -ffast-math -DCB_AUTOCONF -g -O2  -Wl,--no-undefined conftest.c  >&5
conftest.c:69:6: warning: conflicting types for built-in function 'strchr' [enabled by default]
 char strchr ();
      ^
configure:17584: $? = 0
configure:17584: result: yes
configure:17584: checking for strcspn
configure:17584: gcc -o conftest -O2 -ffast-math -DCB_AUTOCONF -g -O2  -Wl,--no-undefined conftest.c  >&5
conftest.c:70:6: warning: conflicting types for built-in function 'strcspn' [enabled by default]
 char strcspn ();
      ^
configure:17584: $? = 0
configure:17584: result: yes
configure:17584: checking for strdup
configure:17584: gcc -o conftest -O2 -ffast-math -DCB_AUTOCONF -g -O2  -Wl,--no-undefined conftest.c  >&5
conftest.c:71:6: warning: conflicting types for built-in function 'strdup' [enabled by default]
 char strdup ();
      ^
configure:17584: $? = 0
configure:17584: result: yes
configure:17584: checking for strrchr
configure:17584: gcc -o conftest -O2 -ffast-math -DCB_AUTOCONF -g -O2  -Wl,--no-undefined conftest.c  >&5
conftest.c:72:6: warning: conflicting types for built-in function 'strrchr' [enabled by default]
 char strrchr ();
      ^
configure:17584: $? = 0
configure:17584: result: yes
configure:17584: checking for strstr
configure:17584: gcc -o conftest -O2 -ffast-math -DCB_AUTOCONF -g -O2  -Wl,--no-undefined conftest.c  >&5
conftest.c:73:6: warning: conflicting types for built-in function 'strstr' [enabled by default]
 char strstr ();
      ^
configure:17584: $? = 0
configure:17584: result: yes
configure:17593: checking for dlopen in -ldl
configure:17618: gcc -o conftest -O2 -ffast-math -DCB_AUTOCONF -g -O2  -Wl,--no-undefined conftest.c -ldl   >&5
configure:17618: $? = 0
configure:17627: result: yes
configure:17638: checking for pthread_create in -lpthread
configure:17663: gcc -o conftest -O2 -ffast-math -DCB_AUTOCONF -g -O2  -Wl,--no-undefined conftest.c -lpthread  -ldl  >&5
configure:17663: $? = 0
configure:17672: result: yes
configure:17683: checking for snprintf
configure:17683: gcc -o conftest -O2 -ffast-math -DCB_AUTOCONF -g -O2  -Wl,--no-undefined conftest.c -lpthread -ldl  >&5
conftest.c:76:6: warning: conflicting types for built-in function 'snprintf' [enabled by default]
 char snprintf ();
      ^
configure:17683: $? = 0
configure:17683: result: yes
configure:17690: checking for vsnprintf
configure:17690: gcc -o conftest -O2 -ffast-math -DCB_AUTOCONF -g -O2  -Wl,--no-undefined conftest.c -lpthread -ldl  >&5
conftest.c:77:6: warning: conflicting types for built-in function 'vsnprintf' [enabled by default]
 char vsnprintf ();
      ^
configure:17690: $? = 0
configure:17690: result: yes
configure:17699: checking for library containing gzopen
configure:17730: gcc -o conftest -O2 -ffast-math -DCB_AUTOCONF -g -O2  -Wl,--no-undefined conftest.c -lpthread -ldl  >&5
/tmp/cc2CUfgE.o: In function `main':
/usr/local/src/c.cpp.h/_/codeblocks/13.12/build/conftest.c:66: undefined reference to `gzopen'
collect2: error: ld returned 1 exit status
configure:17730: $? = 1
configure: failed program was:
| /* confdefs.h */
| #define PACKAGE_NAME "codeblocks"
| #define PACKAGE_TARNAME "codeblocks"
| #define PACKAGE_VERSION "13.12-9491"
| #define PACKAGE_STRING "codeblocks 13.12-9491"
| #define PACKAGE_BUGREPORT ""
| #define PACKAGE_URL ""
| #define PACKAGE "codeblocks"
| #define VERSION "13.12-9491"
| #define STDC_HEADERS 1
| #define HAVE_SYS_TYPES_H 1
| #define HAVE_SYS_STAT_H 1
| #define HAVE_STDLIB_H 1
| #define HAVE_STRING_H 1
| #define HAVE_MEMORY_H 1
| #define HAVE_STRINGS_H 1
| #define HAVE_INTTYPES_H 1
| #define HAVE_STDINT_H 1
| #define HAVE_UNISTD_H 1
| #define HAVE_DLFCN_H 1
| #define LT_OBJDIR ".libs/"
| #define HAVE_DIRENT_H 1
| #define STDC_HEADERS 1
| #define HAVE_FCNTL_H 1
| #define HAVE_LIMITS_H 1
| #define HAVE_STDLIB_H 1
| #define HAVE_STRING_H 1
| #define HAVE_SYS_PARAM_H 1
| #define HAVE_UNISTD_H 1
| #define HAVE_MALLOC_H 1
| #define HAVE__BOOL 1
| #define HAVE_STDBOOL_H 1
| #define TIME_WITH_SYS_TIME 1
| #define HAVE_STDLIB_H 1
| #define HAVE_MALLOC 1
| #define LSTAT_FOLLOWS_SLASHED_SYMLINK 1
| #define HAVE_VPRINTF 1
| #define HAVE_ATEXIT 1
| #define HAVE_GETCWD 1
| #define HAVE_ISASCII 1
| #define HAVE_MEMCHR 1
| #define HAVE_MEMMOVE 1
| #define HAVE_MEMSET 1
| #define HAVE_STRCASECMP 1
| #define HAVE_STRCHR 1
| #define HAVE_STRCSPN 1
| #define HAVE_STRDUP 1
| #define HAVE_STRRCHR 1
| #define HAVE_STRSTR 1
| #define HAVE_LIBDL 1
| #define HAVE_LIBPTHREAD 1
| #define HAVE_SNPRINTF /**/
| #define HAVE_VSNPRINTF /**/
| /* end confdefs.h.  */
| 
| /* Override any GCC internal prototype to avoid an error.
|    Use char because int might match the return type of a GCC
|    builtin and then its argument prototype would still apply.  */
| #ifdef __cplusplus
| extern "C"
| #endif
| char gzopen ();
| int
| main ()
| {
| return gzopen ();
|   ;
|   return 0;
| }
configure:17730: gcc -o conftest -O2 -ffast-math -DCB_AUTOCONF -g -O2  -Wl,--no-undefined conftest.c -lz  -lpthread -ldl  >&5
configure:17730: $? = 0
configure:17747: result: -lz
configure:17758: checking for library containing BZ2_bzopen
configure:17789: gcc -o conftest -O2 -ffast-math -DCB_AUTOCONF -g -O2  -Wl,--no-undefined conftest.c -lpthread -ldl  >&5
/tmp/ccA9fTaD.o: In function `main':
/usr/local/src/c.cpp.h/_/codeblocks/13.12/build/conftest.c:66: undefined reference to `BZ2_bzopen'
collect2: error: ld returned 1 exit status
configure:17789: $? = 1
configure: failed program was:
| /* confdefs.h */
| #define PACKAGE_NAME "codeblocks"
| #define PACKAGE_TARNAME "codeblocks"
| #define PACKAGE_VERSION "13.12-9491"
| #define PACKAGE_STRING "codeblocks 13.12-9491"
| #define PACKAGE_BUGREPORT ""
| #define PACKAGE_URL ""
| #define PACKAGE "codeblocks"
| #define VERSION "13.12-9491"
| #define STDC_HEADERS 1
| #define HAVE_SYS_TYPES_H 1
| #define HAVE_SYS_STAT_H 1
| #define HAVE_STDLIB_H 1
| #define HAVE_STRING_H 1
| #define HAVE_MEMORY_H 1
| #define HAVE_STRINGS_H 1
| #define HAVE_INTTYPES_H 1
| #define HAVE_STDINT_H 1
| #define HAVE_UNISTD_H 1
| #define HAVE_DLFCN_H 1
| #define LT_OBJDIR ".libs/"
| #define HAVE_DIRENT_H 1
| #define STDC_HEADERS 1
| #define HAVE_FCNTL_H 1
| #define HAVE_LIMITS_H 1
| #define HAVE_STDLIB_H 1
| #define HAVE_STRING_H 1
| #define HAVE_SYS_PARAM_H 1
| #define HAVE_UNISTD_H 1
| #define HAVE_MALLOC_H 1
| #define HAVE__BOOL 1
| #define HAVE_STDBOOL_H 1
| #define TIME_WITH_SYS_TIME 1
| #define HAVE_STDLIB_H 1
| #define HAVE_MALLOC 1
| #define LSTAT_FOLLOWS_SLASHED_SYMLINK 1
| #define HAVE_VPRINTF 1
| #define HAVE_ATEXIT 1
| #define HAVE_GETCWD 1
| #define HAVE_ISASCII 1
| #define HAVE_MEMCHR 1
| #define HAVE_MEMMOVE 1
| #define HAVE_MEMSET 1
| #define HAVE_STRCASECMP 1
| #define HAVE_STRCHR 1
| #define HAVE_STRCSPN 1
| #define HAVE_STRDUP 1
| #define HAVE_STRRCHR 1
| #define HAVE_STRSTR 1
| #define HAVE_LIBDL 1
| #define HAVE_LIBPTHREAD 1
| #define HAVE_SNPRINTF /**/
| #define HAVE_VSNPRINTF /**/
| /* end confdefs.h.  */
| 
| /* Override any GCC internal prototype to avoid an error.
|    Use char because int might match the return type of a GCC
|    builtin and then its argument prototype would still apply.  */
| #ifdef __cplusplus
| extern "C"
| #endif
| char BZ2_bzopen ();
| int
| main ()
| {
| return BZ2_bzopen ();
|   ;
|   return 0;
| }
configure:17789: gcc -o conftest -O2 -ffast-math -DCB_AUTOCONF -g -O2  -Wl,--no-undefined conftest.c -lbz2  -lpthread -ldl  >&5
/usr/bin/ld: cannot find -lbz2
collect2: error: ld returned 1 exit status
configure:17789: $? = 1
configure: failed program was:
| /* confdefs.h */
| #define PACKAGE_NAME "codeblocks"
| #define PACKAGE_TARNAME "codeblocks"
| #define PACKAGE_VERSION "13.12-9491"
| #define PACKAGE_STRING "codeblocks 13.12-9491"
| #define PACKAGE_BUGREPORT ""
| #define PACKAGE_URL ""
| #define PACKAGE "codeblocks"
| #define VERSION "13.12-9491"
| #define STDC_HEADERS 1
| #define HAVE_SYS_TYPES_H 1
| #define HAVE_SYS_STAT_H 1
| #define HAVE_STDLIB_H 1
| #define HAVE_STRING_H 1
| #define HAVE_MEMORY_H 1
| #define HAVE_STRINGS_H 1
| #define HAVE_INTTYPES_H 1
| #define HAVE_STDINT_H 1
| #define HAVE_UNISTD_H 1
| #define HAVE_DLFCN_H 1
| #define LT_OBJDIR ".libs/"
| #define HAVE_DIRENT_H 1
| #define STDC_HEADERS 1
| #define HAVE_FCNTL_H 1
| #define HAVE_LIMITS_H 1
| #define HAVE_STDLIB_H 1
| #define HAVE_STRING_H 1
| #define HAVE_SYS_PARAM_H 1
| #define HAVE_UNISTD_H 1
| #define HAVE_MALLOC_H 1
| #define HAVE__BOOL 1
| #define HAVE_STDBOOL_H 1
| #define TIME_WITH_SYS_TIME 1
| #define HAVE_STDLIB_H 1
| #define HAVE_MALLOC 1
| #define LSTAT_FOLLOWS_SLASHED_SYMLINK 1
| #define HAVE_VPRINTF 1
| #define HAVE_ATEXIT 1
| #define HAVE_GETCWD 1
| #define HAVE_ISASCII 1
| #define HAVE_MEMCHR 1
| #define HAVE_MEMMOVE 1
| #define HAVE_MEMSET 1
| #define HAVE_STRCASECMP 1
| #define HAVE_STRCHR 1
| #define HAVE_STRCSPN 1
| #define HAVE_STRDUP 1
| #define HAVE_STRRCHR 1
| #define HAVE_STRSTR 1
| #define HAVE_LIBDL 1
| #define HAVE_LIBPTHREAD 1
| #define HAVE_SNPRINTF /**/
| #define HAVE_VSNPRINTF /**/
| /* end confdefs.h.  */
| 
| /* Override any GCC internal prototype to avoid an error.
|    Use char because int might match the return type of a GCC
|    builtin and then its argument prototype would still apply.  */
| #ifdef __cplusplus
| extern "C"
| #endif
| char BZ2_bzopen ();
| int
| main ()
| {
| return BZ2_bzopen ();
|   ;
|   return 0;
| }
configure:17806: result: no
configure:17887: checking whether to build the source formatter plugin
configure:17906: result: yes
configure:17913: checking whether to build the autosave plugin
configure:17932: result: yes
configure:17939: checking whether to build the class wizard plugin
configure:17958: result: yes
configure:17965: checking whether to build the code completion plugin
configure:17984: result: yes
configure:17991: checking whether to build the compiler plugin
configure:18010: result: yes
configure:18017: checking whether to build the debugger plugin
configure:18036: result: yes
configure:18043: checking whether to build the default MIME handler plugin
configure:18062: result: yes
configure:18069: checking whether to build the open files list plugin
configure:18088: result: yes
configure:18095: checking whether to build the occurrences highlighting plugin
configure:18114: result: yes
configure:18121: checking whether to build the foreign projects importer plugin
configure:18140: result: yes
configure:18147: checking whether to build the scripted wizard plugin
configure:18166: result: yes
configure:18173: checking whether to build the to-do plugin
configure:18192: result: yes
configure:18199: checking whether to build the abbreviations plugin
configure:18218: result: yes
configure:18225: checking whether to keep prebuild windows dll's in dist-tarball
configure:18244: result: yes
configure:18251: checking whether to integrate fortran-plugin in dist-tarball
configure:18270: result: yes
configure:18277: checking whether to use gtk-notebook as default notebook
configure:18296: result: yes
configure:18656: checking which (if any) contrib plugins to build
configure:19750: result: none
configure:19813: checking if the compiler supports precompiled headers
configure:19838: gcc -c -O2 -ffast-math -DCB_AUTOCONF -g -O2  conftest.c >&5
configure:19838: $? = 0
configure:19840: result: yes
configure:19926: checking for wx-config
configure:19945: found /usr/bin/wx-config
configure:19958: result: /usr/bin/wx-config
configure:19973: checking for wxWidgets version >= 2.8.12
configure:20020: result: yes (version 2.8.12)
configure:20024: checking for wxWidgets static library
configure:20028: result: no
configure:20163: checking for wxWidgets platform
configure:20168: result: wxGTK
configure:20178: checking for pkg-config
configure:20194: found /usr/bin/pkg-config
configure:20206: result: yes
configure:20271: checking for pkg-config
configure:20289: found /usr/bin/pkg-config
configure:20301: result: /usr/bin/pkg-config
configure:20326: checking pkg-config is at least version 0.9.0
configure:20329: result: yes
configure:20439: checking for GTK2
configure:20446: $PKG_CONFIG --exists --print-errors "gtk+-2.0 >= 2.0.0"
configure:20449: $? = 0
configure:20463: $PKG_CONFIG --exists --print-errors "gtk+-2.0 >= 2.0.0"
configure:20466: $? = 0
configure:20524: result: yes
configure:20758: checking for X
configure:20866: gcc -E  conftest.c
configure:20866: $? = 0
configure:20897: gcc -o conftest -O2 -ffast-math -DCB_AUTOCONF -g -O2  -Wl,--no-undefined conftest.c -lX11 -lpthread -ldl  >&5
configure:20897: $? = 0
configure:20947: result: libraries , headers 
configure:21046: gcc -o conftest -O2 -ffast-math -DCB_AUTOCONF -g -O2  -Wl,--no-undefined conftest.c -lpthread -ldl   -lX11 >&5
configure:21046: $? = 0
configure:21144: checking for gethostbyname
configure:21144: gcc -o conftest -O2 -ffast-math -DCB_AUTOCONF -g -O2  -Wl,--no-undefined conftest.c -lpthread -ldl  >&5
configure:21144: $? = 0
configure:21144: result: yes
configure:21241: checking for connect
configure:21241: gcc -o conftest -O2 -ffast-math -DCB_AUTOCONF -g -O2  -Wl,--no-undefined conftest.c -lpthread -ldl  >&5
configure:21241: $? = 0
configure:21241: result: yes
configure:21290: checking for remove
configure:21290: gcc -o conftest -O2 -ffast-math -DCB_AUTOCONF -g -O2  -Wl,--no-undefined conftest.c -lpthread -ldl  >&5
configure:21290: $? = 0
configure:21290: result: yes
configure:21339: checking for shmat
configure:21339: gcc -o conftest -O2 -ffast-math -DCB_AUTOCONF -g -O2  -Wl,--no-undefined conftest.c -lpthread -ldl  >&5
configure:21339: $? = 0
configure:21339: result: yes
configure:21397: checking for IceConnectionNumber in -lICE
configure:21422: gcc -o conftest -O2 -ffast-math -DCB_AUTOCONF -g -O2  -Wl,--no-undefined conftest.c -lICE  -lpthread -ldl  >&5
configure:21422: $? = 0
configure:21431: result: yes
configure:21545: checking gcc version
configure:21557: result: 4.8
configure:21578: checking for wxWidgets >= 2.9.0
configure:21599: result: no
configure:21607: setting additional flags for gcc 4.8: -Wno-unused-local-typedefs
configure:21633: checking for PIC flags
configure:21647: result: -fPIC -DPIC
configure:21673: Configuring Code::Blocks...
configure:21675: SVN revision 13.12-9491 (2013-12-08 15:03:48)
configure:22547: creating ./config.status

## ---------------------- ##
## Running config.status. ##
## ---------------------- ##

This file was extended by codeblocks config.status 13.12-9491, which was
generated by GNU Autoconf 2.69.  Invocation command line was

  CONFIG_FILES    = 
  CONFIG_HEADERS  = 
  CONFIG_LINKS    = 
  CONFIG_COMMANDS = 
  $ ./config.status 

on Gas-330

config.status:1627: creating Makefile
config.status:1627: creating src/Makefile
config.status:1627: creating src/base/Makefile
config.status:1627: creating src/base/tinyxml/Makefile
config.status:1627: creating src/build_tools/Makefile
config.status:1627: creating src/build_tools/autorevision/Makefile
config.status:1627: creating src/include/autorevision.h
config.status:1627: creating src/include/Makefile
config.status:1627: creating src/include/scripting/Makefile
config.status:1627: creating src/include/scripting/bindings/Makefile
config.status:1627: creating src/include/scripting/include/Makefile
config.status:1627: creating src/include/scripting/sqplus/Makefile
config.status:1627: creating src/include/scripting/sqstdlib/Makefile
config.status:1627: creating src/include/scripting/squirrel/Makefile
config.status:1627: creating src/include/tinyxml/Makefile
config.status:1627: creating src/sdk/Makefile
config.status:1627: creating src/sdk/wxpropgrid/Makefile
config.status:1627: creating src/sdk/scripting/Makefile
config.status:1627: creating src/sdk/scripting/bindings/Makefile
config.status:1627: creating src/sdk/scripting/squirrel/Makefile
config.status:1627: creating src/sdk/scripting/sqstdlib/Makefile
config.status:1627: creating src/sdk/scripting/sqplus/Makefile
config.status:1627: creating src/sdk/wxscintilla/Makefile
config.status:1627: creating src/sdk/resources/Makefile
config.status:1627: creating src/sdk/resources/lexers/Makefile
config.status:1627: creating src/src/resources/Makefile
config.status:1627: creating src/src/resources/icons/Makefile
config.status:1627: creating src/src/resources/images/Makefile
config.status:1627: creating src/src/resources/images/16x16/Makefile
config.status:1627: creating src/src/resources/images/settings/Makefile
config.status:1627: creating src/src/Makefile
config.status:1627: creating src/plugins/Makefile
config.status:1627: creating src/plugins/astyle/Makefile
config.status:1627: creating src/plugins/astyle/resources/Makefile
config.status:1627: creating src/plugins/autosave/Makefile
config.status:1627: creating src/plugins/classwizard/Makefile
config.status:1627: creating src/plugins/classwizard/resources/Makefile
config.status:1627: creating src/plugins/codecompletion/Makefile
config.status:1627: creating src/plugins/codecompletion/resources/Makefile
config.status:1627: creating src/plugins/compilergcc/Makefile
config.status:1627: creating src/plugins/compilergcc/depslib/Makefile
config.status:1627: creating src/plugins/compilergcc/depslib/src/Makefile
config.status:1627: creating src/plugins/compilergcc/resources/Makefile
config.status:1627: creating src/plugins/debuggergdb/Makefile
config.status:1627: creating src/plugins/debuggergdb/resources/Makefile
config.status:1627: creating src/plugins/defaultmimehandler/Makefile
config.status:1627: creating src/plugins/defaultmimehandler/resources/Makefile
config.status:1627: creating src/plugins/openfileslist/Makefile
config.status:1627: creating src/plugins/occurrenceshighlighting/Makefile
config.status:1627: creating src/plugins/occurrenceshighlighting/resources/Makefile
config.status:1627: creating src/plugins/projectsimporter/Makefile
config.status:1627: creating src/plugins/projectsimporter/resources/Makefile
config.status:1627: creating src/plugins/scriptedwizard/Makefile
config.status:1627: creating src/plugins/scriptedwizard/resources/Makefile
config.status:1627: creating src/plugins/scriptedwizard/resources/arm/Makefile
config.status:1627: creating src/plugins/scriptedwizard/resources/avr/Makefile
config.status:1627: creating src/plugins/scriptedwizard/resources/c_file/Makefile
config.status:1627: creating src/plugins/scriptedwizard/resources/console/Makefile
config.status:1627: creating src/plugins/scriptedwizard/resources/d/Makefile
config.status:1627: creating src/plugins/scriptedwizard/resources/directx/Makefile
config.status:1627: creating src/plugins/scriptedwizard/resources/dll/Makefile
config.status:1627: creating src/plugins/scriptedwizard/resources/empty/Makefile
config.status:1627: creating src/plugins/scriptedwizard/resources/empty_file/Makefile
config.status:1627: creating src/plugins/scriptedwizard/resources/fltk/Makefile
config.status:1627: creating src/plugins/scriptedwizard/resources/fortran/Makefile
config.status:1627: creating src/plugins/scriptedwizard/resources/glfw/Makefile
config.status:1627: creating src/plugins/scriptedwizard/resources/glut/Makefile
config.status:1627: creating src/plugins/scriptedwizard/resources/gtk/Makefile
config.status:1627: creating src/plugins/scriptedwizard/resources/h_file/Makefile
config.status:1627: creating src/plugins/scriptedwizard/resources/irrlicht/Makefile
config.status:1627: creating src/plugins/scriptedwizard/resources/lf/Makefile
config.status:1627: creating src/plugins/scriptedwizard/resources/matlab_csf/Makefile
config.status:1627: creating src/plugins/scriptedwizard/resources/matlab_csf/files/Makefile
config.status:1627: creating src/plugins/scriptedwizard/resources/matlab_csf/lccstub/Makefile
config.status:1627: creating src/plugins/scriptedwizard/resources/mcs51/Makefile
config.status:1627: creating src/plugins/scriptedwizard/resources/ogre/Makefile
config.status:1627: creating src/plugins/scriptedwizard/resources/ogre/files/Makefile
config.status:1627: creating src/plugins/scriptedwizard/resources/opencv/Makefile
config.status:1627: creating src/plugins/scriptedwizard/resources/opengl/Makefile
config.status:1627: creating src/plugins/scriptedwizard/resources/opengl/files_unix/Makefile
config.status:1627: creating src/plugins/scriptedwizard/resources/opengl/files_win/Makefile
config.status:1627: creating src/plugins/scriptedwizard/resources/plugins/Makefile
config.status:1627: creating src/plugins/scriptedwizard/resources/plugins/templates/Makefile
config.status:1627: creating src/plugins/scriptedwizard/resources/ppc/Makefile
config.status:1627: creating src/plugins/scriptedwizard/resources/qt4/Makefile
config.status:1627: creating src/plugins/scriptedwizard/resources/qt4/files/Makefile
config.status:1627: creating src/plugins/scriptedwizard/resources/sdl/Makefile
config.status:1627: creating src/plugins/scriptedwizard/resources/sdl/files/Makefile
config.status:1627: creating src/plugins/scriptedwizard/resources/sfml/Makefile
config.status:1627: creating src/plugins/scriptedwizard/resources/sharedlib/Makefile
config.status:1627: creating src/plugins/scriptedwizard/resources/sharedlib/c/Makefile
config.status:1627: creating src/plugins/scriptedwizard/resources/sharedlib/cpp/Makefile
config.status:1627: creating src/plugins/scriptedwizard/resources/smartwin/Makefile
config.status:1627: creating src/plugins/scriptedwizard/resources/smartwin/files/Makefile
config.status:1627: creating src/plugins/scriptedwizard/resources/staticlib/Makefile
config.status:1627: creating src/plugins/scriptedwizard/resources/staticlib/files/Makefile
config.status:1627: creating src/plugins/scriptedwizard/resources/stlport/Makefile
config.status:1627: creating src/plugins/scriptedwizard/resources/stlport/files/Makefile
config.status:1627: creating src/plugins/scriptedwizard/resources/sys/Makefile
config.status:1627: creating src/plugins/scriptedwizard/resources/tricore/Makefile
config.status:1627: creating src/plugins/scriptedwizard/resources/win32gui/Makefile
config.status:1627: creating src/plugins/scriptedwizard/resources/wxwidgets/Makefile
config.status:1627: creating src/plugins/todo/Makefile
config.status:1627: creating src/plugins/todo/resources/Makefile
config.status:1627: creating src/plugins/abbreviations/Makefile
config.status:1627: creating src/plugins/abbreviations/resources/Makefile
config.status:1627: creating src/plugins/xpmanifest/Makefile
config.status:1627: creating src/plugins/contrib/Makefile
config.status:1627: creating src/plugins/contrib/AutoVersioning/Makefile
config.status:1627: creating src/plugins/contrib/BrowseTracker/Makefile
config.status:1627: creating src/plugins/contrib/byogames/Makefile
config.status:1627: creating src/plugins/contrib/Cccc/Makefile
config.status:1627: creating src/plugins/contrib/Cccc/resources/Makefile
config.status:1627: creating src/plugins/contrib/CppCheck/Makefile
config.status:1627: creating src/plugins/contrib/CppCheck/resources/Makefile
config.status:1627: creating src/plugins/contrib/cb_koders/Makefile
config.status:1627: creating src/plugins/contrib/codesnippets/Makefile
config.status:1627: creating src/plugins/contrib/codesnippets/resources/Makefile
config.status:1627: creating src/plugins/contrib/codestat/Makefile
config.status:1627: creating src/plugins/contrib/codestat/resources/Makefile
config.status:1627: creating src/plugins/contrib/copystrings/Makefile
config.status:1627: creating src/plugins/contrib/Cscope/Makefile
config.status:1627: creating src/plugins/contrib/devpak_plugin/Makefile
config.status:1627: creating src/plugins/contrib/devpak_plugin/bzip2/Makefile
config.status:1627: creating src/plugins/contrib/DoxyBlocks/Makefile
config.status:1627: creating src/plugins/contrib/DoxyBlocks/images/Makefile
config.status:1627: creating src/plugins/contrib/DoxyBlocks/images/16x16/Makefile
config.status:1627: creating src/plugins/contrib/dragscroll/Makefile
config.status:1627: creating src/plugins/contrib/EditorConfig/Makefile
config.status:1627: creating src/plugins/contrib/EditorTweaks/Makefile
config.status:1627: creating src/plugins/contrib/envvars/Makefile
config.status:1627: creating src/plugins/contrib/FileManager/Makefile
config.status:1627: creating src/plugins/contrib/headerfixup/Makefile
config.status:1627: creating src/plugins/contrib/help_plugin/Makefile
config.status:1627: creating src/plugins/contrib/help_plugin/bzip2/Makefile
config.status:1627: creating src/plugins/contrib/help_plugin/zlib/Makefile
config.status:1627: creating src/plugins/contrib/keybinder/Makefile
config.status:1627: creating src/plugins/contrib/NassiShneiderman/Makefile
config.status:1627: creating src/plugins/contrib/profiler/Makefile
config.status:1627: creating src/plugins/contrib/profiler/resources/Makefile
config.status:1627: creating src/plugins/contrib/source_exporter/Makefile
config.status:1627: creating src/plugins/contrib/source_exporter/wxPdfDocument/Makefile
config.status:1627: creating src/plugins/contrib/SmartIndent/Makefile
config.status:1627: creating src/plugins/contrib/SpellChecker/Makefile
config.status:1627: creating src/plugins/contrib/SpellChecker/wxspellchecker/Makefile
config.status:1627: creating src/plugins/contrib/symtab/Makefile
config.status:1627: creating src/plugins/contrib/symtab/resources/Makefile
config.status:1627: creating src/plugins/contrib/regex_testbed/Makefile
config.status:1627: creating src/plugins/contrib/ReopenEditor/Makefile
config.status:1627: creating src/plugins/contrib/ThreadSearch/Makefile
config.status:1627: creating src/plugins/contrib/ThreadSearch/resources/Makefile
config.status:1627: creating src/plugins/contrib/ThreadSearch/resources/images/Makefile
config.status:1627: creating src/plugins/contrib/ThreadSearch/resources/images/16x16/Makefile
config.status:1627: creating src/plugins/contrib/ThreadSearch/resources/images/22x22/Makefile
config.status:1627: creating src/plugins/contrib/ToolsPlus/Makefile
config.status:1627: creating src/plugins/contrib/ToolsPlus/Resources/Makefile
config.status:1627: creating src/plugins/contrib/Valgrind/Makefile
config.status:1627: creating src/plugins/contrib/Valgrind/resources/Makefile
config.status:1627: creating src/plugins/contrib/wxContribItems/Makefile
config.status:1627: creating src/plugins/contrib/wxContribItems/wxsmith-contrib.pc
config.status:1627: creating src/plugins/contrib/wxContribItems/cb_wxcontrib.pc
config.status:1627: creating src/plugins/contrib/wxContribItems/cb_wxchartctrl.pc
config.status:1627: creating src/plugins/contrib/wxContribItems/cb_wxcustombutton.pc
config.status:1627: creating src/plugins/contrib/wxContribItems/cb_wximagepanel.pc
config.status:1627: creating src/plugins/contrib/wxContribItems/cb_wxflatnotebook.pc
config.status:1627: creating src/plugins/contrib/wxContribItems/cb_wxspeedbutton.pc
config.status:1627: creating src/plugins/contrib/wxContribItems/cb_wxKWIC.pc
config.status:1627: creating src/plugins/contrib/wxContribItems/cb_wxtreelist.pc
config.status:1627: creating src/plugins/contrib/wxContribItems/cb_wxled.pc
config.status:1627: creating src/plugins/contrib/wxContribItems/wxchart/Makefile
config.status:1627: creating src/plugins/contrib/wxContribItems/wxFlatNotebook/Makefile
config.status:1627: creating src/plugins/contrib/wxContribItems/wxImagePanel/Makefile
config.status:1627: creating src/plugins/contrib/wxContribItems/wxthings/Makefile
config.status:1627: creating src/plugins/contrib/wxContribItems/wxSpeedButton/Makefile
config.status:1627: creating src/plugins/contrib/wxContribItems/KWIC/Makefile
config.status:1627: creating src/plugins/contrib/wxContribItems/KWIC/include/wx/KWIC/Makefile
config.status:1627: creating src/plugins/contrib/wxContribItems/KWIC/include/wx/xrc/Makefile
config.status:1627: creating src/plugins/contrib/wxContribItems/wxTreeList/Makefile
config.status:1627: creating src/plugins/contrib/wxContribItems/wxled/Makefile
config.status:1627: creating src/plugins/contrib/wxContribItems/wxled/gizmosled/include/wx/gizmos/Makefile
config.status:1627: creating src/plugins/contrib/wxContribItems/wxled/lcdWindow/include/wx/Makefile
config.status:1627: creating src/plugins/contrib/wxContribItems/wxled/led/include/wx/Makefile
config.status:1627: creating src/plugins/contrib/wxContribItems/wxled/led/include/xrc/Makefile
config.status:1627: creating src/plugins/contrib/wxContribItems/wxled/ledpanel/include/wx/Makefile
config.status:1627: creating src/plugins/contrib/wxSmith/Makefile
config.status:1627: creating src/plugins/contrib/wxSmith/wxsmith.pc
config.status:1627: creating src/plugins/contrib/wxSmith/plugin/Makefile
config.status:1627: creating src/plugins/contrib/wxSmith/properties/Makefile
config.status:1627: creating src/plugins/contrib/wxSmith/wxwidgets/Makefile
config.status:1627: creating src/plugins/contrib/wxSmith/wxwidgets/properties/Makefile
config.status:1627: creating src/plugins/contrib/wxSmith/wxwidgets/defitems/Makefile
config.status:1627: creating src/plugins/contrib/wxSmith/wxwidgets/icons/Makefile
config.status:1627: creating src/plugins/contrib/wxSmithContribItems/Makefile
config.status:1627: creating src/plugins/contrib/wxSmithAui/Makefile
config.status:1627: creating src/plugins/contrib/wxSmithAui/wxsmithaui.pc
config.status:1627: creating src/plugins/contrib/wxSmithDateTimePicker/Makefile
config.status:1627: creating src/plugins/contrib/wxSmithDemo/Makefile
config.status:1627: creating src/plugins/contrib/wxSmithIExplore/Makefile
config.status:1627: creating src/plugins/contrib/wxSmithPlot/Makefile
config.status:1627: creating src/plugins/contrib/wxSmithSTC/Makefile
config.status:1627: creating src/plugins/contrib/lib_finder/Makefile
config.status:1627: creating src/plugins/contrib/lib_finder/lib_finder/Makefile
config.status:1627: creating src/plugins/contrib/HexEditor/Makefile
config.status:1627: creating src/plugins/contrib/IncrementalSearch/Makefile
config.status:1627: creating src/plugins/contrib/MouseSap/Makefile
config.status:1627: creating src/mime/Makefile
config.status:1627: creating src/scripts/Makefile
config.status:1627: creating src/tools/Makefile
config.status:1627: creating src/tools/cb_share_config/Makefile
config.status:1627: creating src/tools/ConsoleRunner/Makefile
config.status:1627: creating src/tools/CBLauncher/Makefile
config.status:1627: creating src/templates/Makefile
config.status:1627: creating src/templates/common/Makefile
config.status:1627: creating src/templates/unix/Makefile
config.status:1627: creating src/templates/win32/Makefile
config.status:1627: creating src/wxsmith/Makefile
config.status:1627: creating codeblocks.pc
config.status:1627: creating codeblocks.spec
config.status:1627: creating codeblocks.plist
config.status:1627: creating src/include/config.h
config.status:1841: executing depfiles commands
config.status:1841: executing libtool commands

## ---------------- ##
## Cache variables. ##
## ---------------- ##

ac_cv_build=x86_64-unknown-linux-gnu
ac_cv_c_compiler_gnu=yes
ac_cv_c_const=yes
ac_cv_c_inline=inline
ac_cv_c_volatile=yes
ac_cv_cxx_compiler_gnu=yes
ac_cv_env_CCC_set=
ac_cv_env_CCC_value=
ac_cv_env_CC_set=
ac_cv_env_CC_value=
ac_cv_env_CFLAGS_set=
ac_cv_env_CFLAGS_value=
ac_cv_env_CPPFLAGS_set=
ac_cv_env_CPPFLAGS_value=
ac_cv_env_CPP_set=
ac_cv_env_CPP_value=
ac_cv_env_CXXCPP_set=
ac_cv_env_CXXCPP_value=
ac_cv_env_CXXFLAGS_set=
ac_cv_env_CXXFLAGS_value=
ac_cv_env_CXX_set=
ac_cv_env_CXX_value=
ac_cv_env_FONTCONFIG_CFLAGS_set=
ac_cv_env_FONTCONFIG_CFLAGS_value=
ac_cv_env_FONTCONFIG_LIBS_set=
ac_cv_env_FONTCONFIG_LIBS_value=
ac_cv_env_GAMIN_CFLAGS_set=
ac_cv_env_GAMIN_CFLAGS_value=
ac_cv_env_GAMIN_LIBS_set=
ac_cv_env_GAMIN_LIBS_value=
ac_cv_env_GTK2_CFLAGS_set=
ac_cv_env_GTK2_CFLAGS_value=
ac_cv_env_GTK2_LIBS_set=
ac_cv_env_GTK2_LIBS_value=
ac_cv_env_HUNSPELL_CFLAGS_set=
ac_cv_env_HUNSPELL_CFLAGS_value=
ac_cv_env_HUNSPELL_LIBS_set=
ac_cv_env_HUNSPELL_LIBS_value=
ac_cv_env_LDFLAGS_set=
ac_cv_env_LDFLAGS_value=
ac_cv_env_LIBS_set=
ac_cv_env_LIBS_value=
ac_cv_env_PKG_CONFIG_LIBDIR_set=
ac_cv_env_PKG_CONFIG_LIBDIR_value=
ac_cv_env_PKG_CONFIG_PATH_set=
ac_cv_env_PKG_CONFIG_PATH_value=
ac_cv_env_PKG_CONFIG_set=
ac_cv_env_PKG_CONFIG_value=
ac_cv_env_XMKMF_set=
ac_cv_env_XMKMF_value=
ac_cv_env_build_alias_set=
ac_cv_env_build_alias_value=
ac_cv_env_host_alias_set=
ac_cv_env_host_alias_value=
ac_cv_env_target_alias_set=
ac_cv_env_target_alias_value=
ac_cv_func__doprnt=no
ac_cv_func_atexit=yes
ac_cv_func_closedir_void=no
ac_cv_func_connect=yes
ac_cv_func_getcwd=yes
ac_cv_func_gethostbyname=yes
ac_cv_func_isascii=yes
ac_cv_func_lstat_dereferences_slashed_symlink=yes
ac_cv_func_malloc_0_nonnull=yes
ac_cv_func_memchr=yes
ac_cv_func_memcmp_working=yes
ac_cv_func_memmove=yes
ac_cv_func_memset=yes
ac_cv_func_remove=yes
ac_cv_func_shmat=yes
ac_cv_func_snprintf=yes
ac_cv_func_stat_empty_string_bug=no
ac_cv_func_strcasecmp=yes
ac_cv_func_strchr=yes
ac_cv_func_strcspn=yes
ac_cv_func_strdup=yes
ac_cv_func_strrchr=yes
ac_cv_func_strstr=yes
ac_cv_func_vprintf=yes
ac_cv_func_vsnprintf=yes
ac_cv_have_x='have_x=yes	ac_x_includes='\'''\''	ac_x_libraries='\'''\'''
ac_cv_header_dirent_dirent_h=yes
ac_cv_header_dlfcn_h=yes
ac_cv_header_fcntl_h=yes
ac_cv_header_inttypes_h=yes
ac_cv_header_limits_h=yes
ac_cv_header_malloc_h=yes
ac_cv_header_memory_h=yes
ac_cv_header_stdbool_h=yes
ac_cv_header_stdc=yes
ac_cv_header_stdint_h=yes
ac_cv_header_stdlib_h=yes
ac_cv_header_string_h=yes
ac_cv_header_strings_h=yes
ac_cv_header_sys_param_h=yes
ac_cv_header_sys_stat_h=yes
ac_cv_header_sys_types_h=yes
ac_cv_header_time=yes
ac_cv_header_unistd_h=yes
ac_cv_host=x86_64-unknown-linux-gnu
ac_cv_lib_ICE_IceConnectionNumber=yes
ac_cv_lib_dl_dlopen=yes
ac_cv_lib_pthread_pthread_create=yes
ac_cv_objext=o
ac_cv_path_EGREP='/bin/grep -E'
ac_cv_path_FGREP='/bin/grep -F'
ac_cv_path_GREP=/bin/grep
ac_cv_path_SED=/bin/sed
ac_cv_path_WX_CONFIG_PATH=/usr/bin/wx-config
ac_cv_path_ac_pt_PKG_CONFIG=/usr/bin/pkg-config
ac_cv_path_install='/usr/bin/install -c'
ac_cv_path_mkdir=/bin/mkdir
ac_cv_prog_AWK=mawk
ac_cv_prog_CPP='gcc -E'
ac_cv_prog_CXXCPP='g++ -E'
ac_cv_prog_HAVE_PKG_CONFIG=yes
ac_cv_prog_ac_ct_AR=ar
ac_cv_prog_ac_ct_CC=gcc
ac_cv_prog_ac_ct_CXX=g++
ac_cv_prog_ac_ct_MANIFEST_TOOL=mt
ac_cv_prog_ac_ct_OBJDUMP=objdump
ac_cv_prog_ac_ct_RANLIB=ranlib
ac_cv_prog_ac_ct_STRIP=strip
ac_cv_prog_cc_c89=
ac_cv_prog_cc_g=yes
ac_cv_prog_cc_gcc_c_o=yes
ac_cv_prog_cxx_g=yes
ac_cv_prog_make_make_set=yes
ac_cv_search_BZ2_bzopen=no
ac_cv_search_gzopen=-lz
ac_cv_search_opendir='none required'
ac_cv_target=x86_64-unknown-linux-gnu
ac_cv_type__Bool=yes
ac_cv_type_size_t=yes
am_cv_CC_dependencies_compiler_type=gcc3
am_cv_CXX_dependencies_compiler_type=gcc3
cb_cv_gcc_version=4.8
lt_cv_ar_at_file=@
lt_cv_archive_cmds_need_lc=no
lt_cv_deplibs_check_method=pass_all
lt_cv_file_magic_cmd='$MAGIC_CMD'
lt_cv_file_magic_test_file=
lt_cv_ld_reload_flag=-r
lt_cv_nm_interface='BSD nm'
lt_cv_objdir=.libs
lt_cv_path_LD=/usr/bin/ld
lt_cv_path_LDCXX='/usr/bin/ld -m elf_x86_64'
lt_cv_path_NM='/usr/bin/nm -B'
lt_cv_path_mainfest_tool=no
lt_cv_prog_compiler_c_o=yes
lt_cv_prog_compiler_c_o_CXX=yes
lt_cv_prog_compiler_pic='-fPIC -DPIC'
lt_cv_prog_compiler_pic_CXX='-fPIC -DPIC'
lt_cv_prog_compiler_pic_works=yes
lt_cv_prog_compiler_pic_works_CXX=yes
lt_cv_prog_compiler_rtti_exceptions=no
lt_cv_prog_compiler_static_works=yes
lt_cv_prog_compiler_static_works_CXX=yes
lt_cv_prog_gnu_ld=yes
lt_cv_prog_gnu_ldcxx=yes
lt_cv_sharedlib_from_linklib_cmd='printf %s\n'
lt_cv_shlibpath_overrides_runpath=no
lt_cv_sys_global_symbol_pipe='sed -n -e '\''s/^.*[	 ]\([ABCDGIRSTW][ABCDGIRSTW]*\)[	 ][	 ]*\([_A-Za-z][_A-Za-z0-9]*\)$/\1 \2 \2/p'\'' | sed '\''/ __gnu_lto/d'\'''
lt_cv_sys_global_symbol_to_c_name_address='sed -n -e '\''s/^: \([^ ]*\)[ ]*$/  {\"\1\", (void *) 0},/p'\'' -e '\''s/^[ABCDGIRSTW]* \([^ ]*\) \([^ ]*\)$/  {"\2", (void *) \&\2},/p'\'''
lt_cv_sys_global_symbol_to_c_name_address_lib_prefix='sed -n -e '\''s/^: \([^ ]*\)[ ]*$/  {\"\1\", (void *) 0},/p'\'' -e '\''s/^[ABCDGIRSTW]* \([^ ]*\) \(lib[^ ]*\)$/  {"\2", (void *) \&\2},/p'\'' -e '\''s/^[ABCDGIRSTW]* \([^ ]*\) \([^ ]*\)$/  {"lib\2", (void *) \&\2},/p'\'''
lt_cv_sys_global_symbol_to_cdecl='sed -n -e '\''s/^T .* \(.*\)$/extern int \1();/p'\'' -e '\''s/^[ABCDGIRSTW]* .* \(.*\)$/extern char \1;/p'\'''
lt_cv_sys_max_cmd_len=1572864
lt_cv_to_host_file_cmd=func_convert_file_noop
lt_cv_to_tool_file_cmd=func_convert_file_noop
pkg_cv_GTK2_CFLAGS='-pthread -I/usr/include/gtk-2.0 -I/usr/lib/x86_64-linux-gnu/gtk-2.0/include -I/usr/include/atk-1.0 -I/usr/include/cairo -I/usr/include/gdk-pixbuf-2.0 -I/usr/include/pango-1.0 -I/usr/include/gio-unix-2.0/ -I/usr/include/freetype2 -I/usr/include/glib-2.0 -I/usr/lib/x86_64-linux-gnu/glib-2.0/include -I/usr/include/pixman-1 -I/usr/include/libpng12 -I/usr/include/harfbuzz  '
pkg_cv_GTK2_LIBS='-lgtk-x11-2.0 -lgdk-x11-2.0 -latk-1.0 -lgio-2.0 -lpangoft2-1.0 -lpangocairo-1.0 -lgdk_pixbuf-2.0 -lcairo -lpango-1.0 -lfontconfig -lgobject-2.0 -lglib-2.0 -lfreetype  '

## ----------------- ##
## Output variables. ##
## ----------------- ##

ACLOCAL='${SHELL} /usr/local/src/c.cpp.h/_/codeblocks/13.12/missing --run aclocal-1.11'
AMDEPBACKSLASH='\'
AMDEP_FALSE='#'
AMDEP_TRUE=''
AMTAR='${SHELL} /usr/local/src/c.cpp.h/_/codeblocks/13.12/missing --run tar'
AR='ar'
AUTOCONF='${SHELL} /usr/local/src/c.cpp.h/_/codeblocks/13.12/missing --run autoconf'
AUTOHEADER='${SHELL} /usr/local/src/c.cpp.h/_/codeblocks/13.12/missing --run autoheader'
AUTOMAKE='${SHELL} /usr/local/src/c.cpp.h/_/codeblocks/13.12/missing --run automake-1.11'
AWK='mawk'
BUILD_ABBREVIATIONS_FALSE='#'
BUILD_ABBREVIATIONS_TRUE=''
BUILD_ASTYLE_FALSE='#'
BUILD_ASTYLE_TRUE=''
BUILD_AUTOSAVE_FALSE='#'
BUILD_AUTOSAVE_TRUE=''
BUILD_AUTOVERSIONING=''
BUILD_AUTOVERSIONING_FALSE=''
BUILD_AUTOVERSIONING_TRUE='#'
BUILD_BROWSETRACKER=''
BUILD_BROWSETRACKER_FALSE=''
BUILD_BROWSETRACKER_TRUE='#'
BUILD_BYOGAMES=''
BUILD_BYOGAMES_FALSE=''
BUILD_BYOGAMES_TRUE='#'
BUILD_CBKODERS=''
BUILD_CBKODERS_FALSE=''
BUILD_CBKODERS_TRUE='#'
BUILD_CCCC=''
BUILD_CCCC_FALSE=''
BUILD_CCCC_TRUE='#'
BUILD_CLASSWIZARD_FALSE='#'
BUILD_CLASSWIZARD_TRUE=''
BUILD_CODECOMPLETION_FALSE='#'
BUILD_CODECOMPLETION_TRUE=''
BUILD_CODESNIPPETS=''
BUILD_CODESNIPPETS_FALSE=''
BUILD_CODESNIPPETS_TRUE='#'
BUILD_CODESTAT=''
BUILD_CODESTAT_FALSE=''
BUILD_CODESTAT_TRUE='#'
BUILD_COMPILER_FALSE='#'
BUILD_COMPILER_TRUE=''
BUILD_COPYSTRINGS=''
BUILD_COPYSTRINGS_FALSE=''
BUILD_COPYSTRINGS_TRUE='#'
BUILD_CPPCHECK=''
BUILD_CPPCHECK_FALSE=''
BUILD_CPPCHECK_TRUE='#'
BUILD_CSCOPE=''
BUILD_CSCOPE_FALSE=''
BUILD_CSCOPE_TRUE='#'
BUILD_DEBUGGER_FALSE='#'
BUILD_DEBUGGER_TRUE=''
BUILD_DOXYBLOCKS=''
BUILD_DOXYBLOCKS_FALSE=''
BUILD_DOXYBLOCKS_TRUE='#'
BUILD_DRAGSCROLL=''
BUILD_DRAGSCROLL_FALSE=''
BUILD_DRAGSCROLL_TRUE='#'
BUILD_EDITORCONFIG=''
BUILD_EDITORCONFIG_FALSE=''
BUILD_EDITORCONFIG_TRUE='#'
BUILD_EDITORTWEAKS=''
BUILD_EDITORTWEAKS_FALSE=''
BUILD_EDITORTWEAKS_TRUE='#'
BUILD_ENVVARS=''
BUILD_ENVVARS_FALSE=''
BUILD_ENVVARS_TRUE='#'
BUILD_EXPORTER=''
BUILD_EXPORTER_FALSE=''
BUILD_EXPORTER_TRUE='#'
BUILD_FILEMANAGER=''
BUILD_FILEMANAGER_FALSE=''
BUILD_FILEMANAGER_TRUE='#'
BUILD_HEADERFIXUP=''
BUILD_HEADERFIXUP_FALSE=''
BUILD_HEADERFIXUP_TRUE='#'
BUILD_HELP=''
BUILD_HELP_FALSE=''
BUILD_HELP_TRUE='#'
BUILD_HEXEDITOR=''
BUILD_HEXEDITOR_FALSE=''
BUILD_HEXEDITOR_TRUE='#'
BUILD_INCSEARCH=''
BUILD_INCSEARCH_FALSE=''
BUILD_INCSEARCH_TRUE='#'
BUILD_KEYBINDER=''
BUILD_KEYBINDER_FALSE=''
BUILD_KEYBINDER_TRUE='#'
BUILD_LIBFINDER=''
BUILD_LIBFINDER_FALSE=''
BUILD_LIBFINDER_TRUE='#'
BUILD_MANIFEST_FALSE=''
BUILD_MANIFEST_TRUE='#'
BUILD_MIMEHANDLER_FALSE='#'
BUILD_MIMEHANDLER_TRUE=''
BUILD_MOUSESAP=''
BUILD_MOUSESAP_FALSE=''
BUILD_MOUSESAP_TRUE='#'
BUILD_NASSISHNEIDERMAN=''
BUILD_NASSISHNEIDERMAN_FALSE=''
BUILD_NASSISHNEIDERMAN_TRUE='#'
BUILD_OCCURRENCESHIGHLIGHTING_FALSE='#'
BUILD_OCCURRENCESHIGHLIGHTING_TRUE=''
BUILD_OPENFILESLIST_FALSE='#'
BUILD_OPENFILESLIST_TRUE=''
BUILD_PROFILER=''
BUILD_PROFILER_FALSE=''
BUILD_PROFILER_TRUE='#'
BUILD_PROJECTSIMPORTER_FALSE='#'
BUILD_PROJECTSIMPORTER_TRUE=''
BUILD_REGEX=''
BUILD_REGEX_FALSE=''
BUILD_REGEX_TRUE='#'
BUILD_REOPENEDITOR=''
BUILD_REOPENEDITOR_FALSE=''
BUILD_REOPENEDITOR_TRUE='#'
BUILD_SCRIPTEDWIZARD_FALSE='#'
BUILD_SCRIPTEDWIZARD_TRUE=''
BUILD_SMARTINDENT=''
BUILD_SMARTINDENT_FALSE=''
BUILD_SMARTINDENT_TRUE='#'
BUILD_SPELLCHECKER=''
BUILD_SPELLCHECKER_FALSE=''
BUILD_SPELLCHECKER_TRUE='#'
BUILD_SYMTAB=''
BUILD_SYMTAB_FALSE=''
BUILD_SYMTAB_TRUE='#'
BUILD_THREADSEARCH=''
BUILD_THREADSEARCH_FALSE=''
BUILD_THREADSEARCH_TRUE='#'
BUILD_TODO_FALSE='#'
BUILD_TODO_TRUE=''
BUILD_TOOLSPLUS=''
BUILD_TOOLSPLUS_FALSE=''
BUILD_TOOLSPLUS_TRUE='#'
BUILD_VALGRIND=''
BUILD_VALGRIND_FALSE=''
BUILD_VALGRIND_TRUE='#'
BUILD_WXCONTRIB=''
BUILD_WXCONTRIB_FALSE=''
BUILD_WXCONTRIB_TRUE='#'
BUILD_WXSMITH=''
BUILD_WXSMITHAUI=''
BUILD_WXSMITHAUI_FALSE=''
BUILD_WXSMITHAUI_TRUE='#'
BUILD_WXSMITHCONTRIB=''
BUILD_WXSMITHCONTRIB_FALSE=''
BUILD_WXSMITHCONTRIB_TRUE='#'
BUILD_WXSMITH_FALSE=''
BUILD_WXSMITH_TRUE='#'
CB_FONTCONFIG_CFLAGS=''
CB_FONTCONFIG_LIBS=''
CB_GAMIN_CFLAGS=''
CB_GAMIN_LIBS=''
CB_HUNSPELL_CFLAGS=''
CB_HUNSPELL_LIBS=''
CC='gcc'
CCDEPMODE='depmode=gcc3'
CFLAGS='-O2 -ffast-math -DCB_AUTOCONF -g -O2'
CODEBLOCKS_DARWIN_FALSE=''
CODEBLOCKS_DARWIN_TRUE='#'
CODEBLOCKS_LINUX_FALSE='#'
CODEBLOCKS_LINUX_TRUE=''
CODEBLOCKS_NT_FALSE=''
CODEBLOCKS_NT_TRUE='#'
CODEBLOCKS_PLATFORM='gtk'
CODEBLOCKS_VERSION_INFO='0:1:0'
CPP='gcc -E'
CPPFLAGS=' -ansi -DTIXML_USE_STL'
CXX='g++'
CXXCPP='g++ -E'
CXXDEPMODE='depmode=gcc3'
CXXFLAGS='-Wno-unused-local-typedefs -O2 -ffast-math -DCB_AUTOCONF  -DCB_PRECOMP -Winvalid-pch -fPIC -DPIC -fexceptions'
CYGPATH_W='echo'
DARWIN_FALSE=''
DARWIN_TRUE='#'
DATE='2013-12-08 15:03:48'
DEFS='-DHAVE_CONFIG_H'
DEPDIR='.deps'
DLLTOOL='false'
DSYMUTIL=''
DUMPBIN=''
ECHO_C=''
ECHO_N='-n'
ECHO_T=''
EGREP='/bin/grep -E'
ENABLE_FORTRAN_FALSE='#'
ENABLE_FORTRAN_TRUE=''
EXEEXT=''
FGREP='/bin/grep -F'
FONTCONFIG_CFLAGS=''
FONTCONFIG_LIBS=''
GAMIN_CFLAGS=''
GAMIN_LIBS=''
GCC_MAJOR_VERSION='4'
GCC_MINOR_VERSION='8'
GCC_PATCH_VERSION=''
GCC_VERSION=''
GREP='/bin/grep'
GTK2_CFLAGS='-pthread -I/usr/include/gtk-2.0 -I/usr/lib/x86_64-linux-gnu/gtk-2.0/include -I/usr/include/atk-1.0 -I/usr/include/cairo -I/usr/include/gdk-pixbuf-2.0 -I/usr/include/pango-1.0 -I/usr/include/gio-unix-2.0/ -I/usr/include/freetype2 -I/usr/include/glib-2.0 -I/usr/lib/x86_64-linux-gnu/glib-2.0/include -I/usr/include/pixman-1 -I/usr/include/libpng12 -I/usr/include/harfbuzz  '
GTK2_LIBS='-lgtk-x11-2.0 -lgdk-x11-2.0 -latk-1.0 -lgio-2.0 -lpangoft2-1.0 -lpangocairo-1.0 -lgdk_pixbuf-2.0 -lcairo -lpango-1.0 -lfontconfig -lgobject-2.0 -lglib-2.0 -lfreetype  '
GTK_NOTEBOOK_FALSE='#'
GTK_NOTEBOOK_TRUE=''
HAVE_BZIP2_FALSE=''
HAVE_BZIP2_TRUE='#'
HAVE_GCC48_FALSE='#'
HAVE_GCC48_TRUE=''
HAVE_PKG_CONFIG='yes'
HAVE_WX29_FALSE=''
HAVE_WX29_TRUE='#'
HAVE_ZLIB_FALSE='#'
HAVE_ZLIB_TRUE=''
HUNSPELL_CFLAGS=''
HUNSPELL_LIBS=''
INSTALL_DATA='${INSTALL} -m 644'
INSTALL_PROGRAM='${INSTALL}'
INSTALL_SCRIPT='${INSTALL}'
INSTALL_STRIP_PROGRAM='$(install_sh) -c -s'
KEEP_DLLS_FALSE='#'
KEEP_DLLS_TRUE=''
LD='/usr/bin/ld -m elf_x86_64'
LDFLAGS='-Wl,--no-undefined'
LIBOBJS=''
LIBS='-lpthread -ldl '
LIBTOOL='$(SHELL) $(top_builddir)/libtool'
LINUX_FALSE='#'
LINUX_TRUE=''
LIPO=''
LN_S='ln -s'
LTLIBOBJS=''
MACSETFILE='@true'
MAKEINFO='${SHELL} /usr/local/src/c.cpp.h/_/codeblocks/13.12/missing --run makeinfo'
MANIFEST_TOOL=':'
MKDIR_P='/bin/mkdir -p'
NM='/usr/bin/nm -B'
NMEDIT=''
OBJDUMP='objdump'
OBJEXT='o'
OTOOL64=''
OTOOL=''
PACKAGE='codeblocks'
PACKAGE_BUGREPORT=''
PACKAGE_NAME='codeblocks'
PACKAGE_STRING='codeblocks 13.12-9491'
PACKAGE_TARNAME='codeblocks'
PACKAGE_URL=''
PACKAGE_VERSION='13.12-9491'
PATH_SEPARATOR=':'
PKG_CONFIG='/usr/bin/pkg-config'
PKG_CONFIG_LIBDIR=''
PKG_CONFIG_PATH=''
PLATFORM_CFLAGS='-I/usr/X11R6/include'
PLATFORM_LIBS='-L/usr/X11R6/lib -lX11'
PLUGIN_FLAGS='-shared -avoid-version'
POSTLINK_COMMAND='@true'
PRECOMPILE_HEADERS_FALSE='#'
PRECOMPILE_HEADERS_TRUE=''
RANLIB='ranlib'
RC=''
REVISION='9491'
REZ=''
SED='/bin/sed'
SETFILE=''
SET_MAKE=''
SHARED_FLAGS='-shared'
SHELL='/bin/bash'
STRIP='strip'
VERSION='13.12-9491'
WXPROPGRID_DIR='wxpropgrid'
WXPROPGRID_INCLUDE='-I$(top_srcdir)/src/sdk/wxpropgrid/include'
WXPROPGRID_LIB='wxpropgrid/libwxpropgrid.la'
WX_CFLAGS='-I/usr/lib/x86_64-linux-gnu/wx/include/gtk2-unicode-release-2.8 -I/usr/include/wx-2.8 -D_FILE_OFFSET_BITS=64 -D_LARGE_FILES -D__WXGTK__ -pthread'
WX_CFLAGS_ONLY='-pthread'
WX_CONFIG_PATH='/usr/bin/wx-config'
WX_CPPFLAGS='-I/usr/lib/x86_64-linux-gnu/wx/include/gtk2-unicode-release-2.8 -I/usr/include/wx-2.8 -D_FILE_OFFSET_BITS=64 -D_LARGE_FILES -D__WXGTK__'
WX_CXXFLAGS='-I/usr/lib/x86_64-linux-gnu/wx/include/gtk2-unicode-release-2.8 -I/usr/include/wx-2.8 -D_FILE_OFFSET_BITS=64 -D_LARGE_FILES -D__WXGTK__ -pthread'
WX_CXXFLAGS_ONLY=''
WX_GTK2_CFLAGS='-pthread -I/usr/include/gtk-2.0 -I/usr/lib/x86_64-linux-gnu/gtk-2.0/include -I/usr/include/atk-1.0 -I/usr/include/cairo -I/usr/include/gdk-pixbuf-2.0 -I/usr/include/pango-1.0 -I/usr/include/gio-unix-2.0/ -I/usr/include/freetype2 -I/usr/include/glib-2.0 -I/usr/lib/x86_64-linux-gnu/glib-2.0/include -I/usr/include/pixman-1 -I/usr/include/libpng12 -I/usr/include/harfbuzz  '
WX_GTK2_LIBS='-lgtk-x11-2.0 -lgdk-x11-2.0 -latk-1.0 -lgio-2.0 -lpangoft2-1.0 -lpangocairo-1.0 -lgdk_pixbuf-2.0 -lcairo -lpango-1.0 -lfontconfig -lgobject-2.0 -lglib-2.0 -lfreetype  '
WX_LIBS='-L/usr/lib/x86_64-linux-gnu -pthread -Wl,-Bsymbolic-functions -Wl,-z,relro  -L/usr/lib/x86_64-linux-gnu   -lwx_gtk2u_richtext-2.8 -lwx_gtk2u_aui-2.8 -lwx_gtk2u_xrc-2.8 -lwx_gtk2u_qa-2.8 -lwx_gtk2u_html-2.8 -lwx_gtk2u_adv-2.8 -lwx_gtk2u_core-2.8 -lwx_baseu_xml-2.8 -lwx_baseu_net-2.8 -lwx_baseu-2.8 '
WX_LIBS_STATIC=''
WX_RESCOMP=''
WX_VERSION='2.8.12'
WX_X11_CFLAGS=''
WX_X11_LIBS=' -lX11 '
XMKMF=''
X_CFLAGS=''
X_EXTRA_LIBS=''
X_LIBS=''
X_PRE_LIBS=' -lSM -lICE'
ac_ct_AR='ar'
ac_ct_CC='gcc'
ac_ct_CXX='g++'
ac_ct_DUMPBIN=''
am__EXEEXT_FALSE=''
am__EXEEXT_TRUE='#'
am__fastdepCC_FALSE='#'
am__fastdepCC_TRUE=''
am__fastdepCXX_FALSE='#'
am__fastdepCXX_TRUE=''
am__include='include'
am__isrc=' -I$(srcdir)'
am__leading_dot='.'
am__nodep='_no'
am__quote=''
am__tar='${AMTAR} chf - "$$tardir"'
am__untar='${AMTAR} xf -'
bindir='${exec_prefix}/bin'
build='x86_64-unknown-linux-gnu'
build_alias=''
build_cpu='x86_64'
build_os='linux-gnu'
build_vendor='unknown'
codeblocks_PCH_FLAGS='-DCB_PRECOMP -Winvalid-pch'
datadir='${datarootdir}'
datarootdir='${prefix}/share'
docdir='${datarootdir}/doc/${PACKAGE_TARNAME}'
dvidir='${docdir}'
exec_prefix='${prefix}'
host='x86_64-unknown-linux-gnu'
host_alias=''
host_cpu='x86_64'
host_os='linux-gnu'
host_vendor='unknown'
htmldir='${docdir}'
includedir='${prefix}/include'
infodir='${datarootdir}/info'
install_sh='${SHELL} /usr/local/src/c.cpp.h/_/codeblocks/13.12/install-sh'
libdir='${exec_prefix}/lib'
libexecdir='${exec_prefix}/libexec'
localedir='${datarootdir}/locale'
localstatedir='${prefix}/var'
mandir='${datarootdir}/man'
mkdir_p='/bin/mkdir -p'
oldincludedir='/usr/include'
pdfdir='${docdir}'
prefix='/usr/local'
program_transform_name='s,x,x,'
psdir='${docdir}'
sbindir='${exec_prefix}/sbin'
sharedstatedir='${prefix}/com'
sysconfdir='${prefix}/etc'
target='x86_64-unknown-linux-gnu'
target_alias=''
target_cpu='x86_64'
target_os='linux-gnu'
target_vendor='unknown'

## ----------- ##
## confdefs.h. ##
## ----------- ##

/* confdefs.h */
#define PACKAGE_NAME "codeblocks"
#define PACKAGE_TARNAME "codeblocks"
#define PACKAGE_VERSION "13.12-9491"
#define PACKAGE_STRING "codeblocks 13.12-9491"
#define PACKAGE_BUGREPORT ""
#define PACKAGE_URL ""
#define PACKAGE "codeblocks"
#define VERSION "13.12-9491"
#define STDC_HEADERS 1
#define HAVE_SYS_TYPES_H 1
#define HAVE_SYS_STAT_H 1
#define HAVE_STDLIB_H 1
#define HAVE_STRING_H 1
#define HAVE_MEMORY_H 1
#define HAVE_STRINGS_H 1
#define HAVE_INTTYPES_H 1
#define HAVE_STDINT_H 1
#define HAVE_UNISTD_H 1
#define HAVE_DLFCN_H 1
#define LT_OBJDIR ".libs/"
#define HAVE_DIRENT_H 1
#define STDC_HEADERS 1
#define HAVE_FCNTL_H 1
#define HAVE_LIMITS_H 1
#define HAVE_STDLIB_H 1
#define HAVE_STRING_H 1
#define HAVE_SYS_PARAM_H 1
#define HAVE_UNISTD_H 1
#define HAVE_MALLOC_H 1
#define HAVE__BOOL 1
#define HAVE_STDBOOL_H 1
#define TIME_WITH_SYS_TIME 1
#define HAVE_STDLIB_H 1
#define HAVE_MALLOC 1
#define LSTAT_FOLLOWS_SLASHED_SYMLINK 1
#define HAVE_VPRINTF 1
#define HAVE_ATEXIT 1
#define HAVE_GETCWD 1
#define HAVE_ISASCII 1
#define HAVE_MEMCHR 1
#define HAVE_MEMMOVE 1
#define HAVE_MEMSET 1
#define HAVE_STRCASECMP 1
#define HAVE_STRCHR 1
#define HAVE_STRCSPN 1
#define HAVE_STRDUP 1
#define HAVE_STRRCHR 1
#define HAVE_STRSTR 1
#define HAVE_LIBDL 1
#define HAVE_LIBPTHREAD 1
#define HAVE_SNPRINTF /**/
#define HAVE_VSNPRINTF /**/

configure: exit 0

## ---------------------- ##
## Running config.status. ##
## ---------------------- ##

This file was extended by codeblocks config.status 13.12-9491, which was
generated by GNU Autoconf 2.69.  Invocation command line was

  CONFIG_FILES    = 
  CONFIG_HEADERS  = 
  CONFIG_LINKS    = 
  CONFIG_COMMANDS = 
  $ ./config.status src/include/config.h

on Gas-330

config.status:1627: creating src/include/config.h
config.status:1793: src/include/config.h is unchanged
